{"/Users/Ankita/code/shop/mocha.conf.js":{"path":"/Users/Ankita/code/shop/mocha.conf.js","s":{"1":1,"2":1,"3":1,"4":1,"5":1,"6":1,"7":1,"8":1,"9":1},"b":{},"f":{},"fnMap":{},"statementMap":{"1":{"start":{"line":4,"column":0},"end":{"line":4,"column":31}},"2":{"start":{"line":6,"column":0},"end":{"line":6,"column":27}},"3":{"start":{"line":9,"column":0},"end":{"line":9,"column":28}},"4":{"start":{"line":10,"column":0},"end":{"line":10,"column":28}},"5":{"start":{"line":11,"column":0},"end":{"line":11,"column":14}},"6":{"start":{"line":14,"column":0},"end":{"line":14,"column":32}},"7":{"start":{"line":17,"column":0},"end":{"line":17,"column":32}},"8":{"start":{"line":18,"column":0},"end":{"line":18,"column":38}},"9":{"start":{"line":19,"column":0},"end":{"line":19,"column":32}}},"branchMap":{}},"/Users/Ankita/code/shop/server/api/thing/index.js":{"path":"/Users/Ankita/code/shop/server/api/thing/index.js","s":{"1":2,"2":2,"3":2,"4":2,"5":2,"6":2,"7":2,"8":2,"9":2,"10":2},"b":{},"f":{},"fnMap":{},"statementMap":{"1":{"start":{"line":3,"column":0},"end":{"line":3,"column":33}},"2":{"start":{"line":4,"column":0},"end":{"line":4,"column":47}},"3":{"start":{"line":6,"column":0},"end":{"line":6,"column":30}},"4":{"start":{"line":8,"column":0},"end":{"line":8,"column":34}},"5":{"start":{"line":9,"column":0},"end":{"line":9,"column":36}},"6":{"start":{"line":10,"column":0},"end":{"line":10,"column":36}},"7":{"start":{"line":11,"column":0},"end":{"line":11,"column":38}},"8":{"start":{"line":12,"column":0},"end":{"line":12,"column":40}},"9":{"start":{"line":13,"column":0},"end":{"line":13,"column":45}},"10":{"start":{"line":15,"column":0},"end":{"line":15,"column":24}}},"branchMap":{}},"/Users/Ankita/code/shop/server/api/thing/thing.controller.js":{"path":"/Users/Ankita/code/shop/server/api/thing/thing.controller.js","s":{"1":1,"2":1,"3":1,"4":1,"5":1,"6":1,"7":1,"8":2,"9":1,"10":1,"11":1,"12":1,"13":1,"14":0,"15":0,"16":0,"17":0,"18":1,"19":0,"20":0,"21":0,"22":0,"23":1,"24":0,"25":0,"26":0,"27":0,"28":1,"29":0,"30":0,"31":0,"32":0,"33":0,"34":1,"35":0,"36":0,"37":0,"38":1,"39":0,"40":1,"41":0,"42":1,"43":0,"44":1,"45":0,"46":0,"47":0,"48":1,"49":0},"b":{"1":[0,2],"2":[2,2],"3":[0,0],"4":[0,0],"5":[0,0],"6":[0,0],"7":[0,0],"8":[0,0]},"f":{"1":2,"2":0,"3":0,"4":0,"5":0,"6":0,"7":0,"8":0,"9":0,"10":0,"11":0,"12":0,"13":0,"14":0,"15":0,"16":0,"17":0,"18":0},"fnMap":{"1":{"name":"_interopRequireDefault","line":22,"loc":{"start":{"line":22,"column":0},"end":{"line":22,"column":37}},"skip":true},"2":{"name":"respondWithResult","line":32,"loc":{"start":{"line":32,"column":0},"end":{"line":32,"column":44}}},"3":{"name":"(anonymous_3)","line":34,"loc":{"start":{"line":34,"column":9},"end":{"line":34,"column":27}}},"4":{"name":"saveUpdates","line":41,"loc":{"start":{"line":41,"column":0},"end":{"line":41,"column":30}}},"5":{"name":"(anonymous_5)","line":42,"loc":{"start":{"line":42,"column":9},"end":{"line":42,"column":27}}},"6":{"name":"(anonymous_6)","line":44,"loc":{"start":{"line":44,"column":38},"end":{"line":44,"column":57}}},"7":{"name":"removeEntity","line":50,"loc":{"start":{"line":50,"column":0},"end":{"line":50,"column":27}}},"8":{"name":"(anonymous_8)","line":51,"loc":{"start":{"line":51,"column":9},"end":{"line":51,"column":27}}},"9":{"name":"(anonymous_9)","line":53,"loc":{"start":{"line":53,"column":39},"end":{"line":53,"column":51}}},"10":{"name":"handleEntityNotFound","line":60,"loc":{"start":{"line":60,"column":0},"end":{"line":60,"column":35}}},"11":{"name":"(anonymous_11)","line":61,"loc":{"start":{"line":61,"column":9},"end":{"line":61,"column":27}}},"12":{"name":"handleError","line":70,"loc":{"start":{"line":70,"column":0},"end":{"line":70,"column":38}}},"13":{"name":"(anonymous_13)","line":72,"loc":{"start":{"line":72,"column":9},"end":{"line":72,"column":24}}},"14":{"name":"index","line":79,"loc":{"start":{"line":79,"column":0},"end":{"line":79,"column":25}}},"15":{"name":"show","line":85,"loc":{"start":{"line":85,"column":0},"end":{"line":85,"column":24}}},"16":{"name":"create","line":91,"loc":{"start":{"line":91,"column":0},"end":{"line":91,"column":26}}},"17":{"name":"update","line":97,"loc":{"start":{"line":97,"column":0},"end":{"line":97,"column":26}}},"18":{"name":"destroy","line":106,"loc":{"start":{"line":106,"column":0},"end":{"line":106,"column":27}}}},"statementMap":{"1":{"start":{"line":12,"column":0},"end":{"line":14,"column":3}},"2":{"start":{"line":15,"column":0},"end":{"line":15,"column":22}},"3":{"start":{"line":16,"column":0},"end":{"line":16,"column":20}},"4":{"start":{"line":17,"column":0},"end":{"line":17,"column":24}},"5":{"start":{"line":18,"column":0},"end":{"line":18,"column":24}},"6":{"start":{"line":19,"column":0},"end":{"line":19,"column":26}},"7":{"start":{"line":22,"column":0},"end":{"line":22,"column":97},"skip":true},"8":{"start":{"line":22,"column":39},"end":{"line":22,"column":95},"skip":true},"9":{"start":{"line":24,"column":0},"end":{"line":24,"column":32}},"10":{"start":{"line":26,"column":0},"end":{"line":26,"column":47}},"11":{"start":{"line":28,"column":0},"end":{"line":28,"column":43}},"12":{"start":{"line":30,"column":0},"end":{"line":30,"column":55}},"13":{"start":{"line":32,"column":0},"end":{"line":39,"column":1}},"14":{"start":{"line":33,"column":2},"end":{"line":33,"column":33}},"15":{"start":{"line":34,"column":2},"end":{"line":38,"column":4}},"16":{"start":{"line":35,"column":4},"end":{"line":37,"column":5}},"17":{"start":{"line":36,"column":6},"end":{"line":36,"column":42}},"18":{"start":{"line":41,"column":0},"end":{"line":48,"column":1}},"19":{"start":{"line":42,"column":2},"end":{"line":47,"column":4}},"20":{"start":{"line":43,"column":4},"end":{"line":43,"column":61}},"21":{"start":{"line":44,"column":4},"end":{"line":46,"column":7}},"22":{"start":{"line":45,"column":6},"end":{"line":45,"column":21}},"23":{"start":{"line":50,"column":0},"end":{"line":58,"column":1}},"24":{"start":{"line":51,"column":2},"end":{"line":57,"column":4}},"25":{"start":{"line":52,"column":4},"end":{"line":56,"column":5}},"26":{"start":{"line":53,"column":6},"end":{"line":55,"column":9}},"27":{"start":{"line":54,"column":8},"end":{"line":54,"column":30}},"28":{"start":{"line":60,"column":0},"end":{"line":68,"column":1}},"29":{"start":{"line":61,"column":2},"end":{"line":67,"column":4}},"30":{"start":{"line":62,"column":4},"end":{"line":65,"column":5}},"31":{"start":{"line":63,"column":6},"end":{"line":63,"column":28}},"32":{"start":{"line":64,"column":6},"end":{"line":64,"column":18}},"33":{"start":{"line":66,"column":4},"end":{"line":66,"column":18}},"34":{"start":{"line":70,"column":0},"end":{"line":75,"column":1}},"35":{"start":{"line":71,"column":2},"end":{"line":71,"column":33}},"36":{"start":{"line":72,"column":2},"end":{"line":74,"column":4}},"37":{"start":{"line":73,"column":4},"end":{"line":73,"column":37}},"38":{"start":{"line":79,"column":0},"end":{"line":81,"column":1}},"39":{"start":{"line":80,"column":2},"end":{"line":80,"column":94}},"40":{"start":{"line":85,"column":0},"end":{"line":87,"column":1}},"41":{"start":{"line":86,"column":2},"end":{"line":86,"column":143}},"42":{"start":{"line":91,"column":0},"end":{"line":93,"column":1}},"43":{"start":{"line":92,"column":2},"end":{"line":92,"column":109}},"44":{"start":{"line":97,"column":0},"end":{"line":102,"column":1}},"45":{"start":{"line":98,"column":2},"end":{"line":100,"column":3}},"46":{"start":{"line":99,"column":4},"end":{"line":99,"column":24}},"47":{"start":{"line":101,"column":2},"end":{"line":101,"column":171}},"48":{"start":{"line":106,"column":0},"end":{"line":108,"column":1}},"49":{"start":{"line":107,"column":2},"end":{"line":107,"column":138}}},"branchMap":{"1":{"line":22,"type":"cond-expr","locations":[{"start":{"line":22,"column":70},"end":{"line":22,"column":73},"skip":true},{"start":{"line":22,"column":76},"end":{"line":22,"column":94},"skip":true}]},"2":{"line":22,"type":"binary-expr","locations":[{"start":{"line":22,"column":46},"end":{"line":22,"column":49},"skip":true},{"start":{"line":22,"column":53},"end":{"line":22,"column":67},"skip":true}]},"3":{"line":33,"type":"binary-expr","locations":[{"start":{"line":33,"column":15},"end":{"line":33,"column":25}},{"start":{"line":33,"column":29},"end":{"line":33,"column":32}}]},"4":{"line":35,"type":"if","locations":[{"start":{"line":35,"column":4},"end":{"line":35,"column":4}},{"start":{"line":35,"column":4},"end":{"line":35,"column":4}}]},"5":{"line":52,"type":"if","locations":[{"start":{"line":52,"column":4},"end":{"line":52,"column":4}},{"start":{"line":52,"column":4},"end":{"line":52,"column":4}}]},"6":{"line":62,"type":"if","locations":[{"start":{"line":62,"column":4},"end":{"line":62,"column":4}},{"start":{"line":62,"column":4},"end":{"line":62,"column":4}}]},"7":{"line":71,"type":"binary-expr","locations":[{"start":{"line":71,"column":15},"end":{"line":71,"column":25}},{"start":{"line":71,"column":29},"end":{"line":71,"column":32}}]},"8":{"line":98,"type":"if","locations":[{"start":{"line":98,"column":2},"end":{"line":98,"column":2}},{"start":{"line":98,"column":2},"end":{"line":98,"column":2}}]}}},"/Users/Ankita/code/shop/server/api/thing/thing.model.js":{"path":"/Users/Ankita/code/shop/server/api/thing/thing.model.js","s":{"1":1,"2":1,"3":1,"4":1,"5":1},"b":{},"f":{},"fnMap":{},"statementMap":{"1":{"start":{"line":3,"column":0},"end":{"line":5,"column":3}},"2":{"start":{"line":6,"column":0},"end":{"line":6,"column":69}},"3":{"start":{"line":8,"column":0},"end":{"line":12,"column":3}},"4":{"start":{"line":14,"column":0},"end":{"line":14,"column":58}},"5":{"start":{"line":15,"column":0},"end":{"line":15,"column":36}}},"branchMap":{}},"/Users/Ankita/code/shop/server/api/user/index.js":{"path":"/Users/Ankita/code/shop/server/api/user/index.js","s":{"1":2,"2":1,"3":4,"4":4,"5":0,"6":0,"7":0,"8":0,"9":0,"10":0,"11":0,"12":2,"13":2,"14":2,"15":2,"16":2,"17":2,"18":2,"19":2,"20":2,"21":2,"22":2,"23":2,"24":2,"25":2},"b":{"1":[4,0],"2":[4,4],"3":[0,0],"4":[0,0]},"f":{"1":4},"fnMap":{"1":{"name":"_interopRequireWildcard","line":8,"loc":{"start":{"line":8,"column":0},"end":{"line":8,"column":38}},"skip":true}},"statementMap":{"1":{"start":{"line":3,"column":0},"end":{"line":5,"column":3}},"2":{"start":{"line":8,"column":0},"end":{"line":8,"column":272},"skip":true},"3":{"start":{"line":8,"column":40},"end":{"line":8,"column":270},"skip":true},"4":{"start":{"line":8,"column":69},"end":{"line":8,"column":80},"skip":true},"5":{"start":{"line":8,"column":90},"end":{"line":8,"column":106},"skip":true},"6":{"start":{"line":8,"column":107},"end":{"line":8,"column":228},"skip":true},"7":{"start":{"line":8,"column":126},"end":{"line":8,"column":226},"skip":true},"8":{"start":{"line":8,"column":149},"end":{"line":8,"column":224},"skip":true},"9":{"start":{"line":8,"column":201},"end":{"line":8,"column":224},"skip":true},"10":{"start":{"line":8,"column":229},"end":{"line":8,"column":253},"skip":true},"11":{"start":{"line":8,"column":254},"end":{"line":8,"column":268},"skip":true},"12":{"start":{"line":10,"column":0},"end":{"line":10,"column":34}},"13":{"start":{"line":12,"column":0},"end":{"line":12,"column":51}},"14":{"start":{"line":14,"column":0},"end":{"line":14,"column":58}},"15":{"start":{"line":16,"column":0},"end":{"line":16,"column":58}},"16":{"start":{"line":18,"column":0},"end":{"line":18,"column":53}},"17":{"start":{"line":20,"column":0},"end":{"line":20,"column":35}},"18":{"start":{"line":22,"column":0},"end":{"line":22,"column":57}},"19":{"start":{"line":23,"column":0},"end":{"line":23,"column":68}},"20":{"start":{"line":24,"column":0},"end":{"line":24,"column":57}},"21":{"start":{"line":25,"column":0},"end":{"line":25,"column":79}},"22":{"start":{"line":26,"column":0},"end":{"line":26,"column":60}},"23":{"start":{"line":27,"column":0},"end":{"line":27,"column":36}},"24":{"start":{"line":29,"column":0},"end":{"line":29,"column":28}},"25":{"start":{"line":30,"column":0},"end":{"line":30,"column":36}}},"branchMap":{"1":{"line":8,"type":"if","locations":[{"start":{"line":8,"column":40},"end":{"line":8,"column":40},"skip":true},{"start":{"line":8,"column":40},"end":{"line":8,"column":40},"skip":true}]},"2":{"line":8,"type":"binary-expr","locations":[{"start":{"line":8,"column":44},"end":{"line":8,"column":47},"skip":true},{"start":{"line":8,"column":51},"end":{"line":8,"column":65},"skip":true}]},"3":{"line":8,"type":"if","locations":[{"start":{"line":8,"column":107},"end":{"line":8,"column":107},"skip":true},{"start":{"line":8,"column":107},"end":{"line":8,"column":107},"skip":true}]},"4":{"line":8,"type":"if","locations":[{"start":{"line":8,"column":149},"end":{"line":8,"column":149},"skip":true},{"start":{"line":8,"column":149},"end":{"line":8,"column":149},"skip":true}]}}},"/Users/Ankita/code/shop/server/api/user/user.controller.js":{"path":"/Users/Ankita/code/shop/server/api/user/user.controller.js","s":{"1":1,"2":1,"3":1,"4":1,"5":1,"6":1,"7":1,"8":1,"9":1,"10":4,"11":1,"12":1,"13":1,"14":1,"15":1,"16":1,"17":1,"18":1,"19":1,"20":0,"21":0,"22":0,"23":1,"24":0,"25":0,"26":0,"27":1,"28":0,"29":0,"30":1,"31":0,"32":0,"33":0,"34":0,"35":0,"36":0,"37":1,"38":0,"39":0,"40":0,"41":0,"42":0,"43":0,"44":1,"45":0,"46":0,"47":1,"48":0,"49":0,"50":0,"51":0,"52":0,"53":0,"54":0,"55":0,"56":0,"57":1,"58":0,"59":0,"60":0,"61":0,"62":0,"63":0,"64":1,"65":0},"b":{"1":[0,4],"2":[4,4],"3":[0,0],"4":[0,0],"5":[0,0],"6":[0,0],"7":[0,0]},"f":{"1":4,"2":0,"3":0,"4":0,"5":0,"6":0,"7":0,"8":0,"9":0,"10":0,"11":0,"12":0,"13":0,"14":0,"15":0,"16":0,"17":0,"18":0,"19":0,"20":0,"21":0},"fnMap":{"1":{"name":"_interopRequireDefault","line":15,"loc":{"start":{"line":15,"column":0},"end":{"line":15,"column":37}},"skip":true},"2":{"name":"validationError","line":33,"loc":{"start":{"line":33,"column":0},"end":{"line":33,"column":42}}},"3":{"name":"(anonymous_3)","line":35,"loc":{"start":{"line":35,"column":9},"end":{"line":35,"column":24}}},"4":{"name":"handleError","line":40,"loc":{"start":{"line":40,"column":0},"end":{"line":40,"column":38}}},"5":{"name":"(anonymous_5)","line":42,"loc":{"start":{"line":42,"column":9},"end":{"line":42,"column":24}}},"6":{"name":"index","line":52,"loc":{"start":{"line":52,"column":0},"end":{"line":52,"column":25}}},"7":{"name":"(anonymous_7)","line":53,"loc":{"start":{"line":53,"column":63},"end":{"line":53,"column":80}}},"8":{"name":"create","line":62,"loc":{"start":{"line":62,"column":0},"end":{"line":62,"column":32}}},"9":{"name":"(anonymous_9)","line":66,"loc":{"start":{"line":66,"column":29},"end":{"line":66,"column":45}}},"10":{"name":"show","line":78,"loc":{"start":{"line":78,"column":0},"end":{"line":78,"column":30}}},"11":{"name":"(anonymous_11)","line":81,"loc":{"start":{"line":81,"column":52},"end":{"line":81,"column":68}}},"12":{"name":"(anonymous_12)","line":86,"loc":{"start":{"line":86,"column":14},"end":{"line":86,"column":29}}},"13":{"name":"destroy","line":96,"loc":{"start":{"line":96,"column":0},"end":{"line":96,"column":27}}},"14":{"name":"(anonymous_14)","line":97,"loc":{"start":{"line":97,"column":68},"end":{"line":97,"column":80}}},"15":{"name":"changePassword","line":106,"loc":{"start":{"line":106,"column":0},"end":{"line":106,"column":40}}},"16":{"name":"(anonymous_16)","line":111,"loc":{"start":{"line":111,"column":52},"end":{"line":111,"column":68}}},"17":{"name":"(anonymous_17)","line":114,"loc":{"start":{"line":114,"column":35},"end":{"line":114,"column":47}}},"18":{"name":"me","line":127,"loc":{"start":{"line":127,"column":0},"end":{"line":127,"column":28}}},"19":{"name":"(anonymous_19)","line":130,"loc":{"start":{"line":130,"column":79},"end":{"line":130,"column":95}}},"20":{"name":"(anonymous_20)","line":136,"loc":{"start":{"line":136,"column":14},"end":{"line":136,"column":29}}},"21":{"name":"authCallback","line":145,"loc":{"start":{"line":145,"column":0},"end":{"line":145,"column":38}}}},"statementMap":{"1":{"start":{"line":3,"column":0},"end":{"line":5,"column":3}},"2":{"start":{"line":6,"column":0},"end":{"line":6,"column":22}},"3":{"start":{"line":7,"column":0},"end":{"line":7,"column":24}},"4":{"start":{"line":8,"column":0},"end":{"line":8,"column":20}},"5":{"start":{"line":9,"column":0},"end":{"line":9,"column":26}},"6":{"start":{"line":10,"column":0},"end":{"line":10,"column":40}},"7":{"start":{"line":11,"column":0},"end":{"line":11,"column":16}},"8":{"start":{"line":12,"column":0},"end":{"line":12,"column":36}},"9":{"start":{"line":15,"column":0},"end":{"line":15,"column":97},"skip":true},"10":{"start":{"line":15,"column":39},"end":{"line":15,"column":95},"skip":true},"11":{"start":{"line":17,"column":0},"end":{"line":17,"column":41}},"12":{"start":{"line":19,"column":0},"end":{"line":19,"column":53}},"13":{"start":{"line":21,"column":0},"end":{"line":21,"column":36}},"14":{"start":{"line":23,"column":0},"end":{"line":23,"column":51}},"15":{"start":{"line":25,"column":0},"end":{"line":25,"column":61}},"16":{"start":{"line":27,"column":0},"end":{"line":27,"column":69}},"17":{"start":{"line":29,"column":0},"end":{"line":29,"column":44}},"18":{"start":{"line":31,"column":0},"end":{"line":31,"column":59}},"19":{"start":{"line":33,"column":0},"end":{"line":38,"column":1}},"20":{"start":{"line":34,"column":2},"end":{"line":34,"column":33}},"21":{"start":{"line":35,"column":2},"end":{"line":37,"column":4}},"22":{"start":{"line":36,"column":4},"end":{"line":36,"column":37}},"23":{"start":{"line":40,"column":0},"end":{"line":45,"column":1}},"24":{"start":{"line":41,"column":2},"end":{"line":41,"column":33}},"25":{"start":{"line":42,"column":2},"end":{"line":44,"column":4}},"26":{"start":{"line":43,"column":4},"end":{"line":43,"column":37}},"27":{"start":{"line":52,"column":0},"end":{"line":56,"column":1}},"28":{"start":{"line":53,"column":2},"end":{"line":55,"column":32}},"29":{"start":{"line":54,"column":4},"end":{"line":54,"column":32}},"30":{"start":{"line":62,"column":0},"end":{"line":72,"column":1}},"31":{"start":{"line":63,"column":2},"end":{"line":63,"column":53}},"32":{"start":{"line":64,"column":2},"end":{"line":64,"column":29}},"33":{"start":{"line":65,"column":2},"end":{"line":65,"column":24}},"34":{"start":{"line":66,"column":2},"end":{"line":71,"column":36}},"35":{"start":{"line":67,"column":4},"end":{"line":69,"column":7}},"36":{"start":{"line":70,"column":4},"end":{"line":70,"column":31}},"37":{"start":{"line":78,"column":0},"end":{"line":89,"column":1}},"38":{"start":{"line":79,"column":2},"end":{"line":79,"column":29}},"39":{"start":{"line":81,"column":2},"end":{"line":88,"column":5}},"40":{"start":{"line":82,"column":4},"end":{"line":84,"column":5}},"41":{"start":{"line":83,"column":6},"end":{"line":83,"column":35}},"42":{"start":{"line":85,"column":4},"end":{"line":85,"column":27}},"43":{"start":{"line":87,"column":4},"end":{"line":87,"column":21}},"44":{"start":{"line":96,"column":0},"end":{"line":100,"column":1}},"45":{"start":{"line":97,"column":2},"end":{"line":99,"column":32}},"46":{"start":{"line":98,"column":4},"end":{"line":98,"column":26}},"47":{"start":{"line":106,"column":0},"end":{"line":121,"column":1}},"48":{"start":{"line":107,"column":2},"end":{"line":107,"column":28}},"49":{"start":{"line":108,"column":2},"end":{"line":108,"column":45}},"50":{"start":{"line":109,"column":2},"end":{"line":109,"column":45}},"51":{"start":{"line":111,"column":2},"end":{"line":120,"column":5}},"52":{"start":{"line":112,"column":4},"end":{"line":119,"column":5}},"53":{"start":{"line":113,"column":6},"end":{"line":113,"column":30}},"54":{"start":{"line":114,"column":6},"end":{"line":116,"column":40}},"55":{"start":{"line":115,"column":8},"end":{"line":115,"column":30}},"56":{"start":{"line":118,"column":6},"end":{"line":118,"column":35}},"57":{"start":{"line":127,"column":0},"end":{"line":139,"column":1}},"58":{"start":{"line":128,"column":2},"end":{"line":128,"column":28}},"59":{"start":{"line":130,"column":2},"end":{"line":138,"column":5}},"60":{"start":{"line":132,"column":4},"end":{"line":134,"column":5}},"61":{"start":{"line":133,"column":6},"end":{"line":133,"column":35}},"62":{"start":{"line":135,"column":4},"end":{"line":135,"column":19}},"63":{"start":{"line":137,"column":4},"end":{"line":137,"column":21}},"64":{"start":{"line":145,"column":0},"end":{"line":147,"column":1}},"65":{"start":{"line":146,"column":2},"end":{"line":146,"column":20}}},"branchMap":{"1":{"line":15,"type":"cond-expr","locations":[{"start":{"line":15,"column":70},"end":{"line":15,"column":73},"skip":true},{"start":{"line":15,"column":76},"end":{"line":15,"column":94},"skip":true}]},"2":{"line":15,"type":"binary-expr","locations":[{"start":{"line":15,"column":46},"end":{"line":15,"column":49},"skip":true},{"start":{"line":15,"column":53},"end":{"line":15,"column":67},"skip":true}]},"3":{"line":34,"type":"binary-expr","locations":[{"start":{"line":34,"column":15},"end":{"line":34,"column":25}},{"start":{"line":34,"column":29},"end":{"line":34,"column":32}}]},"4":{"line":41,"type":"binary-expr","locations":[{"start":{"line":41,"column":15},"end":{"line":41,"column":25}},{"start":{"line":41,"column":29},"end":{"line":41,"column":32}}]},"5":{"line":82,"type":"if","locations":[{"start":{"line":82,"column":4},"end":{"line":82,"column":4}},{"start":{"line":82,"column":4},"end":{"line":82,"column":4}}]},"6":{"line":112,"type":"if","locations":[{"start":{"line":112,"column":4},"end":{"line":112,"column":4}},{"start":{"line":112,"column":4},"end":{"line":112,"column":4}}]},"7":{"line":132,"type":"if","locations":[{"start":{"line":132,"column":4},"end":{"line":132,"column":4}},{"start":{"line":132,"column":4},"end":{"line":132,"column":4}}]}}},"/Users/Ankita/code/shop/server/api/user/user.model.js":{"path":"/Users/Ankita/code/shop/server/api/user/user.model.js","s":{"1":1,"2":1,"3":1,"4":1,"5":1,"6":1,"7":1,"8":1,"9":1,"10":1,"11":0,"12":1,"13":0,"14":1,"15":6,"16":0,"17":6,"18":1,"19":6,"20":0,"21":6,"22":1,"23":5,"24":5,"25":5,"26":1,"27":0,"28":1,"29":4,"30":0,"31":1,"32":4,"33":1,"34":5,"35":5,"36":1,"37":4,"38":0,"39":4,"40":4,"41":0,"42":4,"43":4,"44":4,"45":0,"46":4,"47":4,"48":1,"49":3,"50":3,"51":3,"52":0,"53":0,"54":0,"55":0,"56":0,"57":0,"58":4,"59":4,"60":4,"61":4,"62":0,"63":0,"64":4,"65":0,"66":4,"67":0,"68":4,"69":4,"70":0,"71":4,"72":7,"73":0,"74":7,"75":7,"76":7,"77":7,"78":3,"79":4,"80":4,"81":0,"82":4,"83":1,"84":1},"b":{"1":[0,1],"2":[1,1],"3":[0,6],"4":[0,6],"5":[1,4],"6":[0,1],"7":[4,4],"8":[1,4],"9":[0,4],"10":[4,0],"11":[0,4],"12":[0,4],"13":[3,0],"14":[0,0],"15":[0,0],"16":[4,0],"17":[0,0],"18":[0,4],"19":[0,4],"20":[0,4],"21":[0,7],"22":[7,7],"23":[3,4],"24":[0,4]},"f":{"1":1,"2":0,"3":0,"4":6,"5":6,"6":5,"7":5,"8":0,"9":4,"10":5,"11":4,"12":4,"13":3,"14":0,"15":4,"16":4,"17":7,"18":4},"fnMap":{"1":{"name":"_interopRequireDefault","line":8,"loc":{"start":{"line":8,"column":0},"end":{"line":8,"column":37}},"skip":true},"2":{"name":"(anonymous_2)","line":44,"loc":{"start":{"line":44,"column":34},"end":{"line":44,"column":46}}},"3":{"name":"(anonymous_3)","line":52,"loc":{"start":{"line":52,"column":32},"end":{"line":52,"column":44}}},"4":{"name":"(anonymous_4)","line":64,"loc":{"start":{"line":64,"column":34},"end":{"line":64,"column":51}}},"5":{"name":"(anonymous_5)","line":72,"loc":{"start":{"line":72,"column":37},"end":{"line":72,"column":57}}},"6":{"name":"(anonymous_6)","line":80,"loc":{"start":{"line":80,"column":34},"end":{"line":80,"column":60}}},"7":{"name":"(anonymous_7)","line":82,"loc":{"start":{"line":82,"column":62},"end":{"line":82,"column":78}}},"8":{"name":"(anonymous_8)","line":90,"loc":{"start":{"line":90,"column":14},"end":{"line":90,"column":29}}},"9":{"name":"validatePresenceOf","line":95,"loc":{"start":{"line":95,"column":25},"end":{"line":95,"column":60}}},"10":{"name":"(anonymous_10)","line":102,"loc":{"start":{"line":102,"column":23},"end":{"line":102,"column":39}}},"11":{"name":"(anonymous_11)","line":117,"loc":{"start":{"line":117,"column":16},"end":{"line":117,"column":41}}},"12":{"name":"(anonymous_12)","line":122,"loc":{"start":{"line":122,"column":42},"end":{"line":122,"column":80}}},"13":{"name":"authenticate","line":144,"loc":{"start":{"line":144,"column":16},"end":{"line":144,"column":58}}},"14":{"name":"(anonymous_14)","line":153,"loc":{"start":{"line":153,"column":35},"end":{"line":153,"column":58}}},"15":{"name":"makeSalt","line":174,"loc":{"start":{"line":174,"column":12},"end":{"line":174,"column":50}}},"16":{"name":"(anonymous_16)","line":192,"loc":{"start":{"line":192,"column":53},"end":{"line":192,"column":74}}},"17":{"name":"encryptPassword","line":209,"loc":{"start":{"line":209,"column":19},"end":{"line":209,"column":64}}},"18":{"name":"(anonymous_18)","line":222,"loc":{"start":{"line":222,"column":91},"end":{"line":222,"column":111}}}},"statementMap":{"1":{"start":{"line":3,"column":0},"end":{"line":5,"column":3}},"2":{"start":{"line":8,"column":0},"end":{"line":8,"column":97},"skip":true},"3":{"start":{"line":8,"column":39},"end":{"line":8,"column":95},"skip":true},"4":{"start":{"line":10,"column":0},"end":{"line":10,"column":32}},"5":{"start":{"line":12,"column":0},"end":{"line":12,"column":47}},"6":{"start":{"line":14,"column":0},"end":{"line":14,"column":36}},"7":{"start":{"line":16,"column":0},"end":{"line":16,"column":69}},"8":{"start":{"line":18,"column":0},"end":{"line":18,"column":60}},"9":{"start":{"line":20,"column":0},"end":{"line":37,"column":3}},"10":{"start":{"line":44,"column":0},"end":{"line":49,"column":3}},"11":{"start":{"line":45,"column":2},"end":{"line":48,"column":4}},"12":{"start":{"line":52,"column":0},"end":{"line":57,"column":3}},"13":{"start":{"line":53,"column":2},"end":{"line":56,"column":4}},"14":{"start":{"line":64,"column":0},"end":{"line":69,"column":28}},"15":{"start":{"line":65,"column":2},"end":{"line":67,"column":3}},"16":{"start":{"line":66,"column":4},"end":{"line":66,"column":16}},"17":{"start":{"line":68,"column":2},"end":{"line":68,"column":22}},"18":{"start":{"line":72,"column":0},"end":{"line":77,"column":31}},"19":{"start":{"line":73,"column":2},"end":{"line":75,"column":3}},"20":{"start":{"line":74,"column":4},"end":{"line":74,"column":16}},"21":{"start":{"line":76,"column":2},"end":{"line":76,"column":25}},"22":{"start":{"line":80,"column":0},"end":{"line":93,"column":53}},"23":{"start":{"line":81,"column":2},"end":{"line":81,"column":18}},"24":{"start":{"line":82,"column":2},"end":{"line":92,"column":5}},"25":{"start":{"line":83,"column":4},"end":{"line":88,"column":5}},"26":{"start":{"line":84,"column":6},"end":{"line":86,"column":7}},"27":{"start":{"line":85,"column":8},"end":{"line":85,"column":29}},"28":{"start":{"line":87,"column":6},"end":{"line":87,"column":28}},"29":{"start":{"line":89,"column":4},"end":{"line":89,"column":25}},"30":{"start":{"line":91,"column":4},"end":{"line":91,"column":14}},"31":{"start":{"line":95,"column":0},"end":{"line":97,"column":2}},"32":{"start":{"line":96,"column":2},"end":{"line":96,"column":31}},"33":{"start":{"line":102,"column":0},"end":{"line":130,"column":3}},"34":{"start":{"line":105,"column":2},"end":{"line":105,"column":19},"skip":true},"35":{"start":{"line":108,"column":2},"end":{"line":110,"column":3}},"36":{"start":{"line":109,"column":4},"end":{"line":109,"column":18}},"37":{"start":{"line":112,"column":2},"end":{"line":114,"column":3}},"38":{"start":{"line":113,"column":4},"end":{"line":113,"column":40}},"39":{"start":{"line":117,"column":2},"end":{"line":129,"column":5}},"40":{"start":{"line":118,"column":4},"end":{"line":120,"column":5}},"41":{"start":{"line":119,"column":6},"end":{"line":119,"column":20}},"42":{"start":{"line":121,"column":4},"end":{"line":121,"column":22}},"43":{"start":{"line":122,"column":4},"end":{"line":128,"column":7}},"44":{"start":{"line":123,"column":6},"end":{"line":125,"column":7}},"45":{"start":{"line":124,"column":8},"end":{"line":124,"column":25}},"46":{"start":{"line":126,"column":6},"end":{"line":126,"column":38}},"47":{"start":{"line":127,"column":6},"end":{"line":127,"column":13}},"48":{"start":{"line":135,"column":0},"end":{"line":230,"column":2}},"49":{"start":{"line":147,"column":4},"end":{"line":147,"column":22},"skip":true},"50":{"start":{"line":149,"column":4},"end":{"line":151,"column":5}},"51":{"start":{"line":150,"column":6},"end":{"line":150,"column":62}},"52":{"start":{"line":153,"column":4},"end":{"line":163,"column":7}},"53":{"start":{"line":154,"column":6},"end":{"line":156,"column":7}},"54":{"start":{"line":155,"column":8},"end":{"line":155,"column":29}},"55":{"start":{"line":158,"column":6},"end":{"line":162,"column":7}},"56":{"start":{"line":159,"column":8},"end":{"line":159,"column":29}},"57":{"start":{"line":161,"column":8},"end":{"line":161,"column":30}},"58":{"start":{"line":175,"column":4},"end":{"line":175,"column":29}},"59":{"start":{"line":177,"column":4},"end":{"line":182,"column":5}},"60":{"start":{"line":178,"column":6},"end":{"line":178,"column":30}},"61":{"start":{"line":179,"column":6},"end":{"line":179,"column":33}},"62":{"start":{"line":180,"column":11},"end":{"line":182,"column":5}},"63":{"start":{"line":181,"column":6},"end":{"line":181,"column":30}},"64":{"start":{"line":184,"column":4},"end":{"line":186,"column":5}},"65":{"start":{"line":185,"column":6},"end":{"line":185,"column":33}},"66":{"start":{"line":188,"column":4},"end":{"line":190,"column":5}},"67":{"start":{"line":189,"column":6},"end":{"line":189,"column":74}},"68":{"start":{"line":192,"column":4},"end":{"line":198,"column":7}},"69":{"start":{"line":193,"column":6},"end":{"line":197,"column":7}},"70":{"start":{"line":194,"column":8},"end":{"line":194,"column":22}},"71":{"start":{"line":196,"column":8},"end":{"line":196,"column":48}},"72":{"start":{"line":210,"column":4},"end":{"line":212,"column":5}},"73":{"start":{"line":211,"column":6},"end":{"line":211,"column":18}},"74":{"start":{"line":214,"column":4},"end":{"line":214,"column":34}},"75":{"start":{"line":215,"column":4},"end":{"line":215,"column":30}},"76":{"start":{"line":216,"column":4},"end":{"line":216,"column":47}},"77":{"start":{"line":218,"column":4},"end":{"line":220,"column":5}},"78":{"start":{"line":219,"column":6},"end":{"line":219,"column":116}},"79":{"start":{"line":222,"column":4},"end":{"line":228,"column":7}},"80":{"start":{"line":223,"column":6},"end":{"line":227,"column":7}},"81":{"start":{"line":224,"column":8},"end":{"line":224,"column":22}},"82":{"start":{"line":226,"column":8},"end":{"line":226,"column":47}},"83":{"start":{"line":232,"column":0},"end":{"line":232,"column":56}},"84":{"start":{"line":233,"column":0},"end":{"line":233,"column":36}}},"branchMap":{"1":{"line":8,"type":"cond-expr","locations":[{"start":{"line":8,"column":70},"end":{"line":8,"column":73},"skip":true},{"start":{"line":8,"column":76},"end":{"line":8,"column":94},"skip":true}]},"2":{"line":8,"type":"binary-expr","locations":[{"start":{"line":8,"column":46},"end":{"line":8,"column":49},"skip":true},{"start":{"line":8,"column":53},"end":{"line":8,"column":67},"skip":true}]},"3":{"line":65,"type":"if","locations":[{"start":{"line":65,"column":2},"end":{"line":65,"column":2}},{"start":{"line":65,"column":2},"end":{"line":65,"column":2}}]},"4":{"line":73,"type":"if","locations":[{"start":{"line":73,"column":2},"end":{"line":73,"column":2}},{"start":{"line":73,"column":2},"end":{"line":73,"column":2}}]},"5":{"line":83,"type":"if","locations":[{"start":{"line":83,"column":4},"end":{"line":83,"column":4}},{"start":{"line":83,"column":4},"end":{"line":83,"column":4}}]},"6":{"line":84,"type":"if","locations":[{"start":{"line":84,"column":6},"end":{"line":84,"column":6}},{"start":{"line":84,"column":6},"end":{"line":84,"column":6}}]},"7":{"line":96,"type":"binary-expr","locations":[{"start":{"line":96,"column":9},"end":{"line":96,"column":14}},{"start":{"line":96,"column":18},"end":{"line":96,"column":30}}]},"8":{"line":108,"type":"if","locations":[{"start":{"line":108,"column":2},"end":{"line":108,"column":2}},{"start":{"line":108,"column":2},"end":{"line":108,"column":2}}]},"9":{"line":112,"type":"if","locations":[{"start":{"line":112,"column":2},"end":{"line":112,"column":2}},{"start":{"line":112,"column":2},"end":{"line":112,"column":2}}]},"10":{"line":112,"type":"binary-expr","locations":[{"start":{"line":112,"column":6},"end":{"line":112,"column":40}},{"start":{"line":112,"column":44},"end":{"line":112,"column":83}}]},"11":{"line":118,"type":"if","locations":[{"start":{"line":118,"column":4},"end":{"line":118,"column":4}},{"start":{"line":118,"column":4},"end":{"line":118,"column":4}}]},"12":{"line":123,"type":"if","locations":[{"start":{"line":123,"column":6},"end":{"line":123,"column":6}},{"start":{"line":123,"column":6},"end":{"line":123,"column":6}}]},"13":{"line":149,"type":"if","locations":[{"start":{"line":149,"column":4},"end":{"line":149,"column":4}},{"start":{"line":149,"column":4},"end":{"line":149,"column":4}}]},"14":{"line":154,"type":"if","locations":[{"start":{"line":154,"column":6},"end":{"line":154,"column":6}},{"start":{"line":154,"column":6},"end":{"line":154,"column":6}}]},"15":{"line":158,"type":"if","locations":[{"start":{"line":158,"column":6},"end":{"line":158,"column":6}},{"start":{"line":158,"column":6},"end":{"line":158,"column":6}}]},"16":{"line":177,"type":"if","locations":[{"start":{"line":177,"column":4},"end":{"line":177,"column":4}},{"start":{"line":177,"column":4},"end":{"line":177,"column":4}}]},"17":{"line":180,"type":"if","locations":[{"start":{"line":180,"column":11},"end":{"line":180,"column":11}},{"start":{"line":180,"column":11},"end":{"line":180,"column":11}}]},"18":{"line":184,"type":"if","locations":[{"start":{"line":184,"column":4},"end":{"line":184,"column":4}},{"start":{"line":184,"column":4},"end":{"line":184,"column":4}}]},"19":{"line":188,"type":"if","locations":[{"start":{"line":188,"column":4},"end":{"line":188,"column":4}},{"start":{"line":188,"column":4},"end":{"line":188,"column":4}}]},"20":{"line":193,"type":"if","locations":[{"start":{"line":193,"column":6},"end":{"line":193,"column":6}},{"start":{"line":193,"column":6},"end":{"line":193,"column":6}}]},"21":{"line":210,"type":"if","locations":[{"start":{"line":210,"column":4},"end":{"line":210,"column":4}},{"start":{"line":210,"column":4},"end":{"line":210,"column":4}}]},"22":{"line":210,"type":"binary-expr","locations":[{"start":{"line":210,"column":8},"end":{"line":210,"column":17}},{"start":{"line":210,"column":21},"end":{"line":210,"column":31}}]},"23":{"line":218,"type":"if","locations":[{"start":{"line":218,"column":4},"end":{"line":218,"column":4}},{"start":{"line":218,"column":4},"end":{"line":218,"column":4}}]},"24":{"line":223,"type":"if","locations":[{"start":{"line":223,"column":6},"end":{"line":223,"column":6}},{"start":{"line":223,"column":6},"end":{"line":223,"column":6}}]}}},"/Users/Ankita/code/shop/server/config/environment/index.js":{"path":"/Users/Ankita/code/shop/server/config/environment/index.js","s":{"1":1,"2":1,"3":1,"4":0,"5":0,"6":0,"7":1,"8":1},"b":{"1":[0,0],"2":[1,1],"3":[1,1],"4":[1,0],"5":[1,0],"6":[1,0],"7":[1,0],"8":[1,0],"9":[1,0],"10":[1,0],"11":[1,0],"12":[1,0],"13":[1,0]},"f":{"1":0},"fnMap":{"1":{"name":"requiredProcessEnv","line":6,"loc":{"start":{"line":6,"column":0},"end":{"line":6,"column":34}}}},"statementMap":{"1":{"start":{"line":3,"column":0},"end":{"line":3,"column":27}},"2":{"start":{"line":4,"column":0},"end":{"line":4,"column":26}},"3":{"start":{"line":6,"column":0},"end":{"line":11,"column":1}},"4":{"start":{"line":7,"column":2},"end":{"line":9,"column":3}},"5":{"start":{"line":8,"column":4},"end":{"line":8,"column":74}},"6":{"start":{"line":10,"column":2},"end":{"line":10,"column":27}},"7":{"start":{"line":15,"column":0},"end":{"line":61,"column":2}},"8":{"start":{"line":65,"column":0},"end":{"line":65,"column":103}}},"branchMap":{"1":{"line":7,"type":"if","locations":[{"start":{"line":7,"column":2},"end":{"line":7,"column":2}},{"start":{"line":7,"column":2},"end":{"line":7,"column":2}}]},"2":{"line":22,"type":"binary-expr","locations":[{"start":{"line":22,"column":8},"end":{"line":22,"column":24}},{"start":{"line":22,"column":28},"end":{"line":22,"column":32}}]},"3":{"line":25,"type":"binary-expr","locations":[{"start":{"line":25,"column":6},"end":{"line":25,"column":20}},{"start":{"line":25,"column":24},"end":{"line":25,"column":33}}]},"4":{"line":45,"type":"binary-expr","locations":[{"start":{"line":45,"column":14},"end":{"line":45,"column":37}},{"start":{"line":45,"column":41},"end":{"line":45,"column":45}}]},"5":{"line":46,"type":"binary-expr","locations":[{"start":{"line":46,"column":18},"end":{"line":46,"column":45}},{"start":{"line":46,"column":49},"end":{"line":46,"column":57}}]},"6":{"line":47,"type":"binary-expr","locations":[{"start":{"line":47,"column":18},"end":{"line":47,"column":36}},{"start":{"line":47,"column":40},"end":{"line":47,"column":42}}]},"7":{"line":51,"type":"binary-expr","locations":[{"start":{"line":51,"column":14},"end":{"line":51,"column":36}},{"start":{"line":51,"column":40},"end":{"line":51,"column":44}}]},"8":{"line":52,"type":"binary-expr","locations":[{"start":{"line":52,"column":18},"end":{"line":52,"column":44}},{"start":{"line":52,"column":48},"end":{"line":52,"column":56}}]},"9":{"line":53,"type":"binary-expr","locations":[{"start":{"line":53,"column":18},"end":{"line":53,"column":36}},{"start":{"line":53,"column":40},"end":{"line":53,"column":42}}]},"10":{"line":57,"type":"binary-expr","locations":[{"start":{"line":57,"column":14},"end":{"line":57,"column":35}},{"start":{"line":57,"column":39},"end":{"line":57,"column":43}}]},"11":{"line":58,"type":"binary-expr","locations":[{"start":{"line":58,"column":18},"end":{"line":58,"column":43}},{"start":{"line":58,"column":47},"end":{"line":58,"column":55}}]},"12":{"line":59,"type":"binary-expr","locations":[{"start":{"line":59,"column":18},"end":{"line":59,"column":36}},{"start":{"line":59,"column":40},"end":{"line":59,"column":42}}]},"13":{"line":65,"type":"binary-expr","locations":[{"start":{"line":65,"column":51},"end":{"line":65,"column":95}},{"start":{"line":65,"column":99},"end":{"line":65,"column":101}}]}}},"/Users/Ankita/code/shop/server/config/environment/shared.js":{"path":"/Users/Ankita/code/shop/server/config/environment/shared.js","s":{"1":1},"b":{},"f":{},"fnMap":{},"statementMap":{"1":{"start":{"line":3,"column":0},"end":{"line":6,"column":2}}},"branchMap":{}},"/Users/Ankita/code/shop/server/config/environment/test.js":{"path":"/Users/Ankita/code/shop/server/config/environment/test.js","s":{"1":1},"b":{},"f":{},"fnMap":{},"statementMap":{"1":{"start":{"line":5,"column":0},"end":{"line":20,"column":2}}},"branchMap":{}},"/Users/Ankita/code/shop/server/auth/auth.service.js":{"path":"/Users/Ankita/code/shop/server/auth/auth.service.js","s":{"1":1,"2":1,"3":1,"4":1,"5":1,"6":1,"7":6,"8":1,"9":1,"10":1,"11":1,"12":1,"13":1,"14":1,"15":1,"16":1,"17":1,"18":1,"19":1,"20":1,"21":1,"22":5,"23":0,"24":0,"25":0,"26":0,"27":0,"28":0,"29":0,"30":0,"31":0,"32":1,"33":2,"34":0,"35":2,"36":0,"37":0,"38":0,"39":1,"40":0,"41":1,"42":0,"43":0,"44":0,"45":0,"46":0},"b":{"1":[0,6],"2":[6,6],"3":[0,0],"4":[0,0],"5":[0,0],"6":[0,2],"7":[0,0],"8":[0,0]},"f":{"1":6,"2":5,"3":0,"4":0,"5":0,"6":0,"7":2,"8":0,"9":0,"10":0},"fnMap":{"1":{"name":"_interopRequireDefault","line":12,"loc":{"start":{"line":12,"column":0},"end":{"line":12,"column":37}},"skip":true},"2":{"name":"isAuthenticated","line":47,"loc":{"start":{"line":47,"column":0},"end":{"line":47,"column":27}}},"3":{"name":"(anonymous_3)","line":50,"loc":{"start":{"line":50,"column":7},"end":{"line":50,"column":33}}},"4":{"name":"(anonymous_4)","line":58,"loc":{"start":{"line":58,"column":7},"end":{"line":58,"column":33}}},"5":{"name":"(anonymous_5)","line":59,"loc":{"start":{"line":59,"column":67},"end":{"line":59,"column":83}}},"6":{"name":"(anonymous_6)","line":65,"loc":{"start":{"line":65,"column":16},"end":{"line":65,"column":31}}},"7":{"name":"hasRole","line":75,"loc":{"start":{"line":75,"column":0},"end":{"line":75,"column":31}}},"8":{"name":"meetsRequirements","line":80,"loc":{"start":{"line":80,"column":77},"end":{"line":80,"column":120}}},"9":{"name":"signToken","line":93,"loc":{"start":{"line":93,"column":0},"end":{"line":93,"column":29}}},"10":{"name":"setTokenCookie","line":103,"loc":{"start":{"line":103,"column":0},"end":{"line":103,"column":34}}}},"statementMap":{"1":{"start":{"line":3,"column":0},"end":{"line":5,"column":3}},"2":{"start":{"line":6,"column":0},"end":{"line":6,"column":42}},"3":{"start":{"line":7,"column":0},"end":{"line":7,"column":26}},"4":{"start":{"line":8,"column":0},"end":{"line":8,"column":30}},"5":{"start":{"line":9,"column":0},"end":{"line":9,"column":40}},"6":{"start":{"line":12,"column":0},"end":{"line":12,"column":97},"skip":true},"7":{"start":{"line":12,"column":39},"end":{"line":12,"column":95},"skip":true},"8":{"start":{"line":14,"column":0},"end":{"line":14,"column":36}},"9":{"start":{"line":16,"column":0},"end":{"line":16,"column":51}},"10":{"start":{"line":18,"column":0},"end":{"line":18,"column":58}},"11":{"start":{"line":20,"column":0},"end":{"line":20,"column":69}},"12":{"start":{"line":22,"column":0},"end":{"line":22,"column":44}},"13":{"start":{"line":24,"column":0},"end":{"line":24,"column":59}},"14":{"start":{"line":26,"column":0},"end":{"line":26,"column":41}},"15":{"start":{"line":28,"column":0},"end":{"line":28,"column":55}},"16":{"start":{"line":30,"column":0},"end":{"line":30,"column":61}},"17":{"start":{"line":32,"column":0},"end":{"line":32,"column":75}},"18":{"start":{"line":34,"column":0},"end":{"line":34,"column":58}},"19":{"start":{"line":36,"column":0},"end":{"line":36,"column":67}},"20":{"start":{"line":38,"column":0},"end":{"line":40,"column":3}},"21":{"start":{"line":47,"column":0},"end":{"line":69,"column":1}},"22":{"start":{"line":48,"column":2},"end":{"line":68,"column":5}},"23":{"start":{"line":52,"column":4},"end":{"line":54,"column":5}},"24":{"start":{"line":53,"column":6},"end":{"line":53,"column":69}},"25":{"start":{"line":55,"column":4},"end":{"line":55,"column":32}},"26":{"start":{"line":59,"column":4},"end":{"line":67,"column":7}},"27":{"start":{"line":60,"column":6},"end":{"line":62,"column":7}},"28":{"start":{"line":61,"column":8},"end":{"line":61,"column":37}},"29":{"start":{"line":63,"column":6},"end":{"line":63,"column":22}},"30":{"start":{"line":64,"column":6},"end":{"line":64,"column":13}},"31":{"start":{"line":66,"column":6},"end":{"line":66,"column":23}},"32":{"start":{"line":75,"column":0},"end":{"line":87,"column":1}},"33":{"start":{"line":76,"column":2},"end":{"line":78,"column":3}},"34":{"start":{"line":77,"column":4},"end":{"line":77,"column":53}},"35":{"start":{"line":80,"column":2},"end":{"line":86,"column":5}},"36":{"start":{"line":81,"column":4},"end":{"line":85,"column":5}},"37":{"start":{"line":82,"column":6},"end":{"line":82,"column":13}},"38":{"start":{"line":84,"column":6},"end":{"line":84,"column":40}},"39":{"start":{"line":93,"column":0},"end":{"line":97,"column":1}},"40":{"start":{"line":94,"column":2},"end":{"line":96,"column":5}},"41":{"start":{"line":103,"column":0},"end":{"line":110,"column":1}},"42":{"start":{"line":104,"column":2},"end":{"line":106,"column":3}},"43":{"start":{"line":105,"column":4},"end":{"line":105,"column":90}},"44":{"start":{"line":107,"column":2},"end":{"line":107,"column":53}},"45":{"start":{"line":108,"column":2},"end":{"line":108,"column":29}},"46":{"start":{"line":109,"column":2},"end":{"line":109,"column":20}}},"branchMap":{"1":{"line":12,"type":"cond-expr","locations":[{"start":{"line":12,"column":70},"end":{"line":12,"column":73},"skip":true},{"start":{"line":12,"column":76},"end":{"line":12,"column":94},"skip":true}]},"2":{"line":12,"type":"binary-expr","locations":[{"start":{"line":12,"column":46},"end":{"line":12,"column":49},"skip":true},{"start":{"line":12,"column":53},"end":{"line":12,"column":67},"skip":true}]},"3":{"line":52,"type":"if","locations":[{"start":{"line":52,"column":4},"end":{"line":52,"column":4}},{"start":{"line":52,"column":4},"end":{"line":52,"column":4}}]},"4":{"line":52,"type":"binary-expr","locations":[{"start":{"line":52,"column":8},"end":{"line":52,"column":17}},{"start":{"line":52,"column":21},"end":{"line":52,"column":61}}]},"5":{"line":60,"type":"if","locations":[{"start":{"line":60,"column":6},"end":{"line":60,"column":6}},{"start":{"line":60,"column":6},"end":{"line":60,"column":6}}]},"6":{"line":76,"type":"if","locations":[{"start":{"line":76,"column":2},"end":{"line":76,"column":2}},{"start":{"line":76,"column":2},"end":{"line":76,"column":2}}]},"7":{"line":81,"type":"if","locations":[{"start":{"line":81,"column":4},"end":{"line":81,"column":4}},{"start":{"line":81,"column":4},"end":{"line":81,"column":4}}]},"8":{"line":104,"type":"if","locations":[{"start":{"line":104,"column":2},"end":{"line":104,"column":2}},{"start":{"line":104,"column":2},"end":{"line":104,"column":2}}]}}},"/Users/Ankita/code/shop/server/index.js":{"path":"/Users/Ankita/code/shop/server/index.js","s":{"1":1,"2":1,"3":1,"4":1},"b":{"1":[1,0],"2":[1,0],"3":[1,1]},"f":{},"fnMap":{},"statementMap":{"1":{"start":{"line":4,"column":0},"end":{"line":4,"column":71}},"2":{"start":{"line":6,"column":0},"end":{"line":9,"column":1}},"3":{"start":{"line":8,"column":2},"end":{"line":8,"column":33}},"4":{"start":{"line":12,"column":0},"end":{"line":12,"column":44}}},"branchMap":{"1":{"line":4,"type":"binary-expr","locations":[{"start":{"line":4,"column":33},"end":{"line":4,"column":53}},{"start":{"line":4,"column":57},"end":{"line":4,"column":70}}]},"2":{"line":6,"type":"if","locations":[{"start":{"line":6,"column":0},"end":{"line":6,"column":0}},{"start":{"line":6,"column":0},"end":{"line":6,"column":0}}]},"3":{"line":6,"type":"binary-expr","locations":[{"start":{"line":6,"column":4},"end":{"line":6,"column":25}},{"start":{"line":6,"column":29},"end":{"line":6,"column":43}}]}}},"/Users/Ankita/code/shop/server/app.js":{"path":"/Users/Ankita/code/shop/server/app.js","s":{"1":1,"2":4,"3":1,"4":1,"5":1,"6":1,"7":1,"8":1,"9":1,"10":1,"11":1,"12":1,"13":1,"14":0,"15":0,"16":1,"17":0,"18":1,"19":1,"20":1,"21":1,"22":1,"23":1,"24":1,"25":1,"26":1,"27":1,"28":1},"b":{"1":[0,4],"2":[4,4],"3":[0,1]},"f":{"1":4,"2":0,"3":1,"4":1},"fnMap":{"1":{"name":"_interopRequireDefault","line":9,"loc":{"start":{"line":9,"column":0},"end":{"line":9,"column":37}},"skip":true},"2":{"name":"(anonymous_2)","line":31,"loc":{"start":{"line":31,"column":45},"end":{"line":31,"column":60}}},"3":{"name":"startServer","line":53,"loc":{"start":{"line":53,"column":0},"end":{"line":53,"column":23}}},"4":{"name":"(anonymous_4)","line":54,"loc":{"start":{"line":54,"column":111},"end":{"line":54,"column":123}}}},"statementMap":{"1":{"start":{"line":9,"column":0},"end":{"line":9,"column":97},"skip":true},"2":{"start":{"line":9,"column":39},"end":{"line":9,"column":95},"skip":true},"3":{"start":{"line":11,"column":0},"end":{"line":11,"column":34}},"4":{"start":{"line":13,"column":0},"end":{"line":13,"column":49}},"5":{"start":{"line":15,"column":0},"end":{"line":15,"column":36}},"6":{"start":{"line":17,"column":0},"end":{"line":17,"column":51}},"7":{"start":{"line":19,"column":0},"end":{"line":19,"column":57}},"8":{"start":{"line":21,"column":0},"end":{"line":21,"column":69}},"9":{"start":{"line":23,"column":0},"end":{"line":23,"column":28}},"10":{"start":{"line":25,"column":0},"end":{"line":25,"column":43}},"11":{"start":{"line":29,"column":0},"end":{"line":29,"column":52}},"12":{"start":{"line":30,"column":0},"end":{"line":30,"column":118}},"13":{"start":{"line":31,"column":0},"end":{"line":34,"column":3}},"14":{"start":{"line":32,"column":2},"end":{"line":32,"column":52}},"15":{"start":{"line":33,"column":2},"end":{"line":33,"column":19}},"16":{"start":{"line":37,"column":0},"end":{"line":39,"column":1}},"17":{"start":{"line":38,"column":2},"end":{"line":38,"column":27}},"18":{"start":{"line":42,"column":0},"end":{"line":42,"column":38}},"19":{"start":{"line":43,"column":0},"end":{"line":43,"column":49}},"20":{"start":{"line":44,"column":0},"end":{"line":47,"column":3}},"21":{"start":{"line":48,"column":0},"end":{"line":48,"column":39}},"22":{"start":{"line":49,"column":0},"end":{"line":49,"column":33}},"23":{"start":{"line":50,"column":0},"end":{"line":50,"column":25}},"24":{"start":{"line":53,"column":0},"end":{"line":57,"column":1}},"25":{"start":{"line":54,"column":2},"end":{"line":56,"column":5}},"26":{"start":{"line":55,"column":4},"end":{"line":55,"column":115}},"27":{"start":{"line":59,"column":0},"end":{"line":59,"column":26}},"28":{"start":{"line":62,"column":0},"end":{"line":62,"column":31}}},"branchMap":{"1":{"line":9,"type":"cond-expr","locations":[{"start":{"line":9,"column":70},"end":{"line":9,"column":73},"skip":true},{"start":{"line":9,"column":76},"end":{"line":9,"column":94},"skip":true}]},"2":{"line":9,"type":"binary-expr","locations":[{"start":{"line":9,"column":46},"end":{"line":9,"column":49},"skip":true},{"start":{"line":9,"column":53},"end":{"line":9,"column":67},"skip":true}]},"3":{"line":37,"type":"if","locations":[{"start":{"line":37,"column":0},"end":{"line":37,"column":0}},{"start":{"line":37,"column":0},"end":{"line":37,"column":0}}]}}},"/Users/Ankita/code/shop/server/config/socketio.js":{"path":"/Users/Ankita/code/shop/server/config/socketio.js","s":{"1":1,"2":1,"3":1,"4":1,"5":1,"6":1,"7":1,"8":0,"9":0,"10":0,"11":1,"12":1,"13":0,"14":0,"15":0,"16":0,"17":0,"18":0,"19":0,"20":0,"21":0,"22":0,"23":0,"24":1},"b":{"1":[0,1],"2":[1,1]},"f":{"1":1,"2":0,"3":0,"4":0,"5":1,"6":0,"7":0,"8":0},"fnMap":{"1":{"name":"_interopRequireDefault","line":11,"loc":{"start":{"line":11,"column":0},"end":{"line":11,"column":37}},"skip":true},"2":{"name":"onDisconnect","line":18,"loc":{"start":{"line":18,"column":0},"end":{"line":18,"column":30}}},"3":{"name":"onConnect","line":21,"loc":{"start":{"line":21,"column":0},"end":{"line":21,"column":27}}},"4":{"name":"(anonymous_4)","line":23,"loc":{"start":{"line":23,"column":20},"end":{"line":23,"column":36}}},"5":{"name":"(anonymous_5)","line":31,"loc":{"start":{"line":31,"column":21},"end":{"line":31,"column":41}}},"6":{"name":"(anonymous_6)","line":47,"loc":{"start":{"line":47,"column":28},"end":{"line":47,"column":46}}},"7":{"name":"(anonymous_7)","line":52,"loc":{"start":{"line":52,"column":17},"end":{"line":52,"column":29}}},"8":{"name":"(anonymous_8)","line":61,"loc":{"start":{"line":61,"column":28},"end":{"line":61,"column":40}}}},"statementMap":{"1":{"start":{"line":6,"column":0},"end":{"line":8,"column":3}},"2":{"start":{"line":11,"column":0},"end":{"line":11,"column":97},"skip":true},"3":{"start":{"line":11,"column":39},"end":{"line":11,"column":95},"skip":true},"4":{"start":{"line":13,"column":0},"end":{"line":13,"column":44}},"5":{"start":{"line":15,"column":0},"end":{"line":15,"column":57}},"6":{"start":{"line":18,"column":0},"end":{"line":18,"column":32}},"7":{"start":{"line":21,"column":0},"end":{"line":29,"column":1}},"8":{"start":{"line":23,"column":2},"end":{"line":25,"column":5}},"9":{"start":{"line":24,"column":4},"end":{"line":24,"column":46}},"10":{"start":{"line":28,"column":2},"end":{"line":28,"column":56}},"11":{"start":{"line":31,"column":0},"end":{"line":70,"column":2}},"12":{"start":{"line":47,"column":2},"end":{"line":69,"column":5}},"13":{"start":{"line":48,"column":4},"end":{"line":48,"column":106}},"14":{"start":{"line":50,"column":4},"end":{"line":50,"column":36}},"15":{"start":{"line":52,"column":4},"end":{"line":58,"column":6}},"16":{"start":{"line":53,"column":6},"end":{"line":55,"column":7}},"17":{"start":{"line":54,"column":8},"end":{"line":54,"column":37}},"18":{"start":{"line":57,"column":6},"end":{"line":57,"column":109}},"19":{"start":{"line":61,"column":4},"end":{"line":64,"column":7}},"20":{"start":{"line":62,"column":6},"end":{"line":62,"column":27}},"21":{"start":{"line":63,"column":6},"end":{"line":63,"column":33}},"22":{"start":{"line":67,"column":4},"end":{"line":67,"column":22}},"23":{"start":{"line":68,"column":4},"end":{"line":68,"column":28}},"24":{"start":{"line":72,"column":0},"end":{"line":72,"column":36}}},"branchMap":{"1":{"line":11,"type":"cond-expr","locations":[{"start":{"line":11,"column":70},"end":{"line":11,"column":73},"skip":true},{"start":{"line":11,"column":76},"end":{"line":11,"column":94},"skip":true}]},"2":{"line":11,"type":"binary-expr","locations":[{"start":{"line":11,"column":46},"end":{"line":11,"column":49},"skip":true},{"start":{"line":11,"column":53},"end":{"line":11,"column":67},"skip":true}]}}},"/Users/Ankita/code/shop/server/config/express.js":{"path":"/Users/Ankita/code/shop/server/config/express.js","s":{"1":1,"2":1,"3":15,"4":1,"5":1,"6":1,"7":1,"8":1,"9":1,"10":1,"11":1,"12":1,"13":1,"14":1,"15":1,"16":1,"17":1,"18":1,"19":1,"20":1,"21":1,"22":1,"23":1,"24":1,"25":1,"26":1,"27":1,"28":1,"29":1,"30":1,"31":1,"32":1,"33":1,"34":1,"35":1,"36":1,"37":1,"38":1,"39":1,"40":1,"41":1,"42":1,"43":1,"44":1,"45":1,"46":1,"47":1,"48":0,"49":1,"50":1,"51":0,"52":0,"53":0,"54":1,"55":0,"56":1,"57":1,"58":1,"59":1,"60":1,"61":1},"b":{"1":[0,15],"2":[15,15],"3":[0,1],"4":[0,1],"5":[0,1],"6":[1,0],"7":[1,1]},"f":{"1":15,"2":1},"fnMap":{"1":{"name":"_interopRequireDefault","line":12,"loc":{"start":{"line":12,"column":0},"end":{"line":12,"column":37}},"skip":true},"2":{"name":"(anonymous_2)","line":76,"loc":{"start":{"line":76,"column":21},"end":{"line":76,"column":36}}}},"statementMap":{"1":{"start":{"line":7,"column":0},"end":{"line":9,"column":3}},"2":{"start":{"line":12,"column":0},"end":{"line":12,"column":97},"skip":true},"3":{"start":{"line":12,"column":39},"end":{"line":12,"column":95},"skip":true},"4":{"start":{"line":14,"column":0},"end":{"line":14,"column":34}},"5":{"start":{"line":16,"column":0},"end":{"line":16,"column":49}},"6":{"start":{"line":18,"column":0},"end":{"line":18,"column":45}},"7":{"start":{"line":20,"column":0},"end":{"line":20,"column":59}},"8":{"start":{"line":22,"column":0},"end":{"line":22,"column":32}},"9":{"start":{"line":24,"column":0},"end":{"line":24,"column":47}},"10":{"start":{"line":26,"column":0},"end":{"line":26,"column":42}},"11":{"start":{"line":28,"column":0},"end":{"line":28,"column":57}},"12":{"start":{"line":30,"column":0},"end":{"line":30,"column":41}},"13":{"start":{"line":32,"column":0},"end":{"line":32,"column":55}},"14":{"start":{"line":34,"column":0},"end":{"line":34,"column":49}},"15":{"start":{"line":36,"column":0},"end":{"line":36,"column":63}},"16":{"start":{"line":38,"column":0},"end":{"line":38,"column":45}},"17":{"start":{"line":40,"column":0},"end":{"line":40,"column":59}},"18":{"start":{"line":42,"column":0},"end":{"line":42,"column":44}},"19":{"start":{"line":44,"column":0},"end":{"line":44,"column":59}},"20":{"start":{"line":46,"column":0},"end":{"line":46,"column":28}},"21":{"start":{"line":48,"column":0},"end":{"line":48,"column":43}},"22":{"start":{"line":50,"column":0},"end":{"line":50,"column":30}},"23":{"start":{"line":52,"column":0},"end":{"line":52,"column":45}},"24":{"start":{"line":54,"column":0},"end":{"line":54,"column":44}},"25":{"start":{"line":56,"column":0},"end":{"line":56,"column":57}},"26":{"start":{"line":58,"column":0},"end":{"line":58,"column":36}},"27":{"start":{"line":60,"column":0},"end":{"line":60,"column":51}},"28":{"start":{"line":62,"column":0},"end":{"line":62,"column":49}},"29":{"start":{"line":64,"column":0},"end":{"line":64,"column":63}},"30":{"start":{"line":66,"column":0},"end":{"line":66,"column":45}},"31":{"start":{"line":68,"column":0},"end":{"line":68,"column":59}},"32":{"start":{"line":70,"column":0},"end":{"line":70,"column":36}},"33":{"start":{"line":72,"column":0},"end":{"line":72,"column":51}},"34":{"start":{"line":74,"column":0},"end":{"line":74,"column":77}},"35":{"start":{"line":76,"column":0},"end":{"line":139,"column":2}},"36":{"start":{"line":77,"column":2},"end":{"line":77,"column":27}},"37":{"start":{"line":79,"column":2},"end":{"line":79,"column":68}},"38":{"start":{"line":80,"column":2},"end":{"line":80,"column":48}},"39":{"start":{"line":81,"column":2},"end":{"line":81,"column":33}},"40":{"start":{"line":82,"column":2},"end":{"line":82,"column":43}},"41":{"start":{"line":83,"column":2},"end":{"line":83,"column":67}},"42":{"start":{"line":84,"column":2},"end":{"line":84,"column":42}},"43":{"start":{"line":85,"column":2},"end":{"line":85,"column":46}},"44":{"start":{"line":86,"column":2},"end":{"line":86,"column":44}},"45":{"start":{"line":87,"column":2},"end":{"line":87,"column":46}},"46":{"start":{"line":92,"column":2},"end":{"line":100,"column":6}},"47":{"start":{"line":106,"column":2},"end":{"line":119,"column":3}},"48":{"start":{"line":107,"column":4},"end":{"line":118,"column":8}},"49":{"start":{"line":121,"column":2},"end":{"line":121,"column":86}},"50":{"start":{"line":123,"column":2},"end":{"line":127,"column":3}},"51":{"start":{"line":124,"column":4},"end":{"line":124,"column":124}},"52":{"start":{"line":125,"column":4},"end":{"line":125,"column":64}},"53":{"start":{"line":126,"column":4},"end":{"line":126,"column":45}},"54":{"start":{"line":129,"column":2},"end":{"line":131,"column":3}},"55":{"start":{"line":130,"column":4},"end":{"line":130,"column":45}},"56":{"start":{"line":133,"column":2},"end":{"line":138,"column":3}},"57":{"start":{"line":134,"column":4},"end":{"line":134,"column":107}},"58":{"start":{"line":135,"column":4},"end":{"line":135,"column":64}},"59":{"start":{"line":136,"column":4},"end":{"line":136,"column":45}},"60":{"start":{"line":137,"column":4},"end":{"line":137,"column":46}},"61":{"start":{"line":141,"column":0},"end":{"line":141,"column":36}}},"branchMap":{"1":{"line":12,"type":"cond-expr","locations":[{"start":{"line":12,"column":70},"end":{"line":12,"column":73},"skip":true},{"start":{"line":12,"column":76},"end":{"line":12,"column":94},"skip":true}]},"2":{"line":12,"type":"binary-expr","locations":[{"start":{"line":12,"column":46},"end":{"line":12,"column":49},"skip":true},{"start":{"line":12,"column":53},"end":{"line":12,"column":67},"skip":true}]},"3":{"line":106,"type":"if","locations":[{"start":{"line":106,"column":2},"end":{"line":106,"column":2}},{"start":{"line":106,"column":2},"end":{"line":106,"column":2}}]},"4":{"line":123,"type":"if","locations":[{"start":{"line":123,"column":2},"end":{"line":123,"column":2}},{"start":{"line":123,"column":2},"end":{"line":123,"column":2}}]},"5":{"line":129,"type":"if","locations":[{"start":{"line":129,"column":2},"end":{"line":129,"column":2}},{"start":{"line":129,"column":2},"end":{"line":129,"column":2}}]},"6":{"line":133,"type":"if","locations":[{"start":{"line":133,"column":2},"end":{"line":133,"column":2}},{"start":{"line":133,"column":2},"end":{"line":133,"column":2}}]},"7":{"line":133,"type":"binary-expr","locations":[{"start":{"line":133,"column":6},"end":{"line":133,"column":27}},{"start":{"line":133,"column":31},"end":{"line":133,"column":45}}]}}},"/Users/Ankita/code/shop/server/routes.js":{"path":"/Users/Ankita/code/shop/server/routes.js","s":{"1":1,"2":1,"3":2,"4":1,"5":1,"6":1,"7":1,"8":1,"9":1,"10":1,"11":1,"12":1,"13":1,"14":0,"15":1},"b":{"1":[0,2],"2":[2,2]},"f":{"1":2,"2":1,"3":0},"fnMap":{"1":{"name":"_interopRequireDefault","line":12,"loc":{"start":{"line":12,"column":0},"end":{"line":12,"column":37}},"skip":true},"2":{"name":"(anonymous_2)","line":22,"loc":{"start":{"line":22,"column":21},"end":{"line":22,"column":36}}},"3":{"name":"(anonymous_3)","line":33,"loc":{"start":{"line":33,"column":22},"end":{"line":33,"column":42}}}},"statementMap":{"1":{"start":{"line":7,"column":0},"end":{"line":9,"column":3}},"2":{"start":{"line":12,"column":0},"end":{"line":12,"column":97},"skip":true},"3":{"start":{"line":12,"column":39},"end":{"line":12,"column":95},"skip":true},"4":{"start":{"line":14,"column":0},"end":{"line":14,"column":55}},"5":{"start":{"line":16,"column":0},"end":{"line":16,"column":67}},"6":{"start":{"line":18,"column":0},"end":{"line":18,"column":28}},"7":{"start":{"line":20,"column":0},"end":{"line":20,"column":43}},"8":{"start":{"line":22,"column":0},"end":{"line":36,"column":2}},"9":{"start":{"line":24,"column":2},"end":{"line":24,"column":49}},"10":{"start":{"line":25,"column":2},"end":{"line":25,"column":47}},"11":{"start":{"line":27,"column":2},"end":{"line":27,"column":38}},"12":{"start":{"line":30,"column":2},"end":{"line":30,"column":112}},"13":{"start":{"line":33,"column":2},"end":{"line":35,"column":5}},"14":{"start":{"line":34,"column":4},"end":{"line":34,"column":80}},"15":{"start":{"line":38,"column":0},"end":{"line":38,"column":36}}},"branchMap":{"1":{"line":12,"type":"cond-expr","locations":[{"start":{"line":12,"column":70},"end":{"line":12,"column":73},"skip":true},{"start":{"line":12,"column":76},"end":{"line":12,"column":94},"skip":true}]},"2":{"line":12,"type":"binary-expr","locations":[{"start":{"line":12,"column":46},"end":{"line":12,"column":49},"skip":true},{"start":{"line":12,"column":53},"end":{"line":12,"column":67},"skip":true}]}}},"/Users/Ankita/code/shop/server/components/errors/index.js":{"path":"/Users/Ankita/code/shop/server/components/errors/index.js","s":{"1":1,"2":0,"3":0,"4":0,"5":0,"6":0,"7":0,"8":0,"9":0},"b":{"1":[0,0]},"f":{"1":0,"2":0},"fnMap":{"1":{"name":"pageNotFound","line":7,"loc":{"start":{"line":7,"column":22},"end":{"line":7,"column":54}}},"2":{"name":"(anonymous_2)","line":15,"loc":{"start":{"line":15,"column":31},"end":{"line":15,"column":52}}}},"statementMap":{"1":{"start":{"line":7,"column":0},"end":{"line":22,"column":2}},"2":{"start":{"line":8,"column":2},"end":{"line":8,"column":27}},"3":{"start":{"line":9,"column":2},"end":{"line":9,"column":23}},"4":{"start":{"line":10,"column":2},"end":{"line":12,"column":4}},"5":{"start":{"line":14,"column":2},"end":{"line":14,"column":28}},"6":{"start":{"line":15,"column":2},"end":{"line":21,"column":5}},"7":{"start":{"line":16,"column":4},"end":{"line":18,"column":5}},"8":{"start":{"line":17,"column":6},"end":{"line":17,"column":45}},"9":{"start":{"line":20,"column":4},"end":{"line":20,"column":19}}},"branchMap":{"1":{"line":16,"type":"if","locations":[{"start":{"line":16,"column":4},"end":{"line":16,"column":4}},{"start":{"line":16,"column":4},"end":{"line":16,"column":4}}]}}},"/Users/Ankita/code/shop/server/auth/index.js":{"path":"/Users/Ankita/code/shop/server/auth/index.js","s":{"1":1,"2":1,"3":4,"4":1,"5":1,"6":1,"7":1,"8":1,"9":1,"10":1,"11":1,"12":1,"13":1,"14":1,"15":1,"16":1,"17":1,"18":1,"19":1,"20":1,"21":1,"22":1},"b":{"1":[0,4],"2":[4,4]},"f":{"1":4},"fnMap":{"1":{"name":"_interopRequireDefault","line":8,"loc":{"start":{"line":8,"column":0},"end":{"line":8,"column":37}},"skip":true}},"statementMap":{"1":{"start":{"line":3,"column":0},"end":{"line":5,"column":3}},"2":{"start":{"line":8,"column":0},"end":{"line":8,"column":97},"skip":true},"3":{"start":{"line":8,"column":39},"end":{"line":8,"column":95},"skip":true},"4":{"start":{"line":10,"column":0},"end":{"line":10,"column":34}},"5":{"start":{"line":12,"column":0},"end":{"line":12,"column":49}},"6":{"start":{"line":14,"column":0},"end":{"line":14,"column":36}},"7":{"start":{"line":16,"column":0},"end":{"line":16,"column":51}},"8":{"start":{"line":18,"column":0},"end":{"line":18,"column":58}},"9":{"start":{"line":20,"column":0},"end":{"line":20,"column":69}},"10":{"start":{"line":22,"column":0},"end":{"line":22,"column":58}},"11":{"start":{"line":24,"column":0},"end":{"line":24,"column":67}},"12":{"start":{"line":27,"column":0},"end":{"line":27,"column":97}},"13":{"start":{"line":28,"column":0},"end":{"line":28,"column":100}},"14":{"start":{"line":29,"column":0},"end":{"line":29,"column":98}},"15":{"start":{"line":30,"column":0},"end":{"line":30,"column":99}},"16":{"start":{"line":32,"column":0},"end":{"line":32,"column":43}},"17":{"start":{"line":34,"column":0},"end":{"line":34,"column":41}},"18":{"start":{"line":35,"column":0},"end":{"line":35,"column":47}},"19":{"start":{"line":36,"column":0},"end":{"line":36,"column":45}},"20":{"start":{"line":37,"column":0},"end":{"line":37,"column":43}},"21":{"start":{"line":39,"column":0},"end":{"line":39,"column":28}},"22":{"start":{"line":40,"column":0},"end":{"line":40,"column":36}}},"branchMap":{"1":{"line":8,"type":"cond-expr","locations":[{"start":{"line":8,"column":70},"end":{"line":8,"column":73},"skip":true},{"start":{"line":8,"column":76},"end":{"line":8,"column":94},"skip":true}]},"2":{"line":8,"type":"binary-expr","locations":[{"start":{"line":8,"column":46},"end":{"line":8,"column":49},"skip":true},{"start":{"line":8,"column":53},"end":{"line":8,"column":67},"skip":true}]}}},"/Users/Ankita/code/shop/server/auth/local/passport.js":{"path":"/Users/Ankita/code/shop/server/auth/local/passport.js","s":{"1":1,"2":1,"3":1,"4":1,"5":1,"6":1,"7":1,"8":1,"9":0,"10":0,"11":0,"12":0,"13":0,"14":0,"15":0,"16":0,"17":0,"18":0,"19":1,"20":1,"21":0},"b":{"1":[0,1],"2":[1,1],"3":[0,0],"4":[0,0],"5":[0,0]},"f":{"1":1,"2":0,"3":0,"4":0,"5":0,"6":1,"7":0},"fnMap":{"1":{"name":"_interopRequireDefault","line":9,"loc":{"start":{"line":9,"column":0},"end":{"line":9,"column":37}},"skip":true},"2":{"name":"localAuthenticate","line":17,"loc":{"start":{"line":17,"column":0},"end":{"line":17,"column":56}}},"3":{"name":"(anonymous_3)","line":20,"loc":{"start":{"line":20,"column":10},"end":{"line":20,"column":26}}},"4":{"name":"(anonymous_4)","line":26,"loc":{"start":{"line":26,"column":32},"end":{"line":26,"column":68}}},"5":{"name":"(anonymous_5)","line":36,"loc":{"start":{"line":36,"column":14},"end":{"line":36,"column":29}}},"6":{"name":"setup","line":41,"loc":{"start":{"line":41,"column":0},"end":{"line":41,"column":29}}},"7":{"name":"(anonymous_7)","line":45,"loc":{"start":{"line":45,"column":5},"end":{"line":45,"column":38}}}},"statementMap":{"1":{"start":{"line":3,"column":0},"end":{"line":5,"column":3}},"2":{"start":{"line":6,"column":0},"end":{"line":6,"column":22}},"3":{"start":{"line":9,"column":0},"end":{"line":9,"column":97},"skip":true},"4":{"start":{"line":9,"column":39},"end":{"line":9,"column":95},"skip":true},"5":{"start":{"line":11,"column":0},"end":{"line":11,"column":36}},"6":{"start":{"line":13,"column":0},"end":{"line":13,"column":51}},"7":{"start":{"line":15,"column":0},"end":{"line":15,"column":47}},"8":{"start":{"line":17,"column":0},"end":{"line":39,"column":1}},"9":{"start":{"line":18,"column":2},"end":{"line":38,"column":5}},"10":{"start":{"line":21,"column":4},"end":{"line":25,"column":5}},"11":{"start":{"line":22,"column":6},"end":{"line":24,"column":9}},"12":{"start":{"line":26,"column":4},"end":{"line":35,"column":7}},"13":{"start":{"line":27,"column":6},"end":{"line":29,"column":7}},"14":{"start":{"line":28,"column":8},"end":{"line":28,"column":31}},"15":{"start":{"line":30,"column":6},"end":{"line":34,"column":7}},"16":{"start":{"line":31,"column":8},"end":{"line":31,"column":79}},"17":{"start":{"line":33,"column":8},"end":{"line":33,"column":32}},"18":{"start":{"line":37,"column":4},"end":{"line":37,"column":21}},"19":{"start":{"line":41,"column":0},"end":{"line":48,"column":1}},"20":{"start":{"line":42,"column":2},"end":{"line":47,"column":6}},"21":{"start":{"line":46,"column":4},"end":{"line":46,"column":58}}},"branchMap":{"1":{"line":9,"type":"cond-expr","locations":[{"start":{"line":9,"column":70},"end":{"line":9,"column":73},"skip":true},{"start":{"line":9,"column":76},"end":{"line":9,"column":94},"skip":true}]},"2":{"line":9,"type":"binary-expr","locations":[{"start":{"line":9,"column":46},"end":{"line":9,"column":49},"skip":true},{"start":{"line":9,"column":53},"end":{"line":9,"column":67},"skip":true}]},"3":{"line":21,"type":"if","locations":[{"start":{"line":21,"column":4},"end":{"line":21,"column":4}},{"start":{"line":21,"column":4},"end":{"line":21,"column":4}}]},"4":{"line":27,"type":"if","locations":[{"start":{"line":27,"column":6},"end":{"line":27,"column":6}},{"start":{"line":27,"column":6},"end":{"line":27,"column":6}}]},"5":{"line":30,"type":"if","locations":[{"start":{"line":30,"column":6},"end":{"line":30,"column":6}},{"start":{"line":30,"column":6},"end":{"line":30,"column":6}}]}}},"/Users/Ankita/code/shop/server/auth/facebook/passport.js":{"path":"/Users/Ankita/code/shop/server/auth/facebook/passport.js","s":{"1":1,"2":1,"3":1,"4":1,"5":1,"6":1,"7":1,"8":1,"9":1,"10":0,"11":0,"12":0,"13":0,"14":0,"15":0,"16":0,"17":0},"b":{"1":[0,1],"2":[1,1],"3":[0,0]},"f":{"1":1,"2":1,"3":0,"4":0,"5":0,"6":0,"7":0},"fnMap":{"1":{"name":"_interopRequireDefault","line":9,"loc":{"start":{"line":9,"column":0},"end":{"line":9,"column":37}},"skip":true},"2":{"name":"setup","line":17,"loc":{"start":{"line":17,"column":0},"end":{"line":17,"column":29}}},"3":{"name":"(anonymous_3)","line":23,"loc":{"start":{"line":23,"column":5},"end":{"line":23,"column":57}}},"4":{"name":"(anonymous_4)","line":26,"loc":{"start":{"line":26,"column":12},"end":{"line":26,"column":28}}},"5":{"name":"(anonymous_5)","line":38,"loc":{"start":{"line":38,"column":28},"end":{"line":38,"column":44}}},"6":{"name":"(anonymous_6)","line":40,"loc":{"start":{"line":40,"column":18},"end":{"line":40,"column":33}}},"7":{"name":"(anonymous_7)","line":43,"loc":{"start":{"line":43,"column":16},"end":{"line":43,"column":31}}}},"statementMap":{"1":{"start":{"line":3,"column":0},"end":{"line":5,"column":3}},"2":{"start":{"line":6,"column":0},"end":{"line":6,"column":22}},"3":{"start":{"line":9,"column":0},"end":{"line":9,"column":97},"skip":true},"4":{"start":{"line":9,"column":39},"end":{"line":9,"column":95},"skip":true},"5":{"start":{"line":11,"column":0},"end":{"line":11,"column":36}},"6":{"start":{"line":13,"column":0},"end":{"line":13,"column":51}},"7":{"start":{"line":15,"column":0},"end":{"line":15,"column":53}},"8":{"start":{"line":17,"column":0},"end":{"line":47,"column":1}},"9":{"start":{"line":18,"column":2},"end":{"line":46,"column":6}},"10":{"start":{"line":24,"column":4},"end":{"line":45,"column":7}},"11":{"start":{"line":27,"column":6},"end":{"line":29,"column":7}},"12":{"start":{"line":28,"column":8},"end":{"line":28,"column":32}},"13":{"start":{"line":31,"column":6},"end":{"line":37,"column":9}},"14":{"start":{"line":38,"column":6},"end":{"line":42,"column":9}},"15":{"start":{"line":39,"column":8},"end":{"line":39,"column":32}},"16":{"start":{"line":41,"column":8},"end":{"line":41,"column":25}},"17":{"start":{"line":44,"column":6},"end":{"line":44,"column":23}}},"branchMap":{"1":{"line":9,"type":"cond-expr","locations":[{"start":{"line":9,"column":70},"end":{"line":9,"column":73},"skip":true},{"start":{"line":9,"column":76},"end":{"line":9,"column":94},"skip":true}]},"2":{"line":9,"type":"binary-expr","locations":[{"start":{"line":9,"column":46},"end":{"line":9,"column":49},"skip":true},{"start":{"line":9,"column":53},"end":{"line":9,"column":67},"skip":true}]},"3":{"line":27,"type":"if","locations":[{"start":{"line":27,"column":6},"end":{"line":27,"column":6}},{"start":{"line":27,"column":6},"end":{"line":27,"column":6}}]}}},"/Users/Ankita/code/shop/server/auth/google/passport.js":{"path":"/Users/Ankita/code/shop/server/auth/google/passport.js","s":{"1":1,"2":1,"3":1,"4":1,"5":1,"6":1,"7":1,"8":1,"9":1,"10":0,"11":0,"12":0,"13":0,"14":0,"15":0,"16":0,"17":0},"b":{"1":[0,1],"2":[1,1],"3":[0,0]},"f":{"1":1,"2":1,"3":0,"4":0,"5":0,"6":0,"7":0},"fnMap":{"1":{"name":"_interopRequireDefault","line":9,"loc":{"start":{"line":9,"column":0},"end":{"line":9,"column":37}},"skip":true},"2":{"name":"setup","line":17,"loc":{"start":{"line":17,"column":0},"end":{"line":17,"column":29}}},"3":{"name":"(anonymous_3)","line":22,"loc":{"start":{"line":22,"column":5},"end":{"line":22,"column":57}}},"4":{"name":"(anonymous_4)","line":25,"loc":{"start":{"line":25,"column":12},"end":{"line":25,"column":28}}},"5":{"name":"(anonymous_5)","line":38,"loc":{"start":{"line":38,"column":28},"end":{"line":38,"column":44}}},"6":{"name":"(anonymous_6)","line":40,"loc":{"start":{"line":40,"column":18},"end":{"line":40,"column":33}}},"7":{"name":"(anonymous_7)","line":43,"loc":{"start":{"line":43,"column":16},"end":{"line":43,"column":31}}}},"statementMap":{"1":{"start":{"line":3,"column":0},"end":{"line":5,"column":3}},"2":{"start":{"line":6,"column":0},"end":{"line":6,"column":22}},"3":{"start":{"line":9,"column":0},"end":{"line":9,"column":97},"skip":true},"4":{"start":{"line":9,"column":39},"end":{"line":9,"column":95},"skip":true},"5":{"start":{"line":11,"column":0},"end":{"line":11,"column":36}},"6":{"start":{"line":13,"column":0},"end":{"line":13,"column":51}},"7":{"start":{"line":15,"column":0},"end":{"line":15,"column":60}},"8":{"start":{"line":17,"column":0},"end":{"line":47,"column":1}},"9":{"start":{"line":18,"column":2},"end":{"line":46,"column":6}},"10":{"start":{"line":23,"column":4},"end":{"line":45,"column":7}},"11":{"start":{"line":26,"column":6},"end":{"line":28,"column":7}},"12":{"start":{"line":27,"column":8},"end":{"line":27,"column":32}},"13":{"start":{"line":30,"column":6},"end":{"line":37,"column":9}},"14":{"start":{"line":38,"column":6},"end":{"line":42,"column":9}},"15":{"start":{"line":39,"column":8},"end":{"line":39,"column":32}},"16":{"start":{"line":41,"column":8},"end":{"line":41,"column":25}},"17":{"start":{"line":44,"column":6},"end":{"line":44,"column":23}}},"branchMap":{"1":{"line":9,"type":"cond-expr","locations":[{"start":{"line":9,"column":70},"end":{"line":9,"column":73},"skip":true},{"start":{"line":9,"column":76},"end":{"line":9,"column":94},"skip":true}]},"2":{"line":9,"type":"binary-expr","locations":[{"start":{"line":9,"column":46},"end":{"line":9,"column":49},"skip":true},{"start":{"line":9,"column":53},"end":{"line":9,"column":67},"skip":true}]},"3":{"line":26,"type":"if","locations":[{"start":{"line":26,"column":6},"end":{"line":26,"column":6}},{"start":{"line":26,"column":6},"end":{"line":26,"column":6}}]}}},"/Users/Ankita/code/shop/server/auth/twitter/passport.js":{"path":"/Users/Ankita/code/shop/server/auth/twitter/passport.js","s":{"1":1,"2":1,"3":1,"4":1,"5":1,"6":1,"7":1,"8":1,"9":1,"10":0,"11":0,"12":0,"13":0,"14":0,"15":0,"16":0,"17":0},"b":{"1":[0,1],"2":[1,1],"3":[0,0]},"f":{"1":1,"2":1,"3":0,"4":0,"5":0,"6":0,"7":0},"fnMap":{"1":{"name":"_interopRequireDefault","line":9,"loc":{"start":{"line":9,"column":0},"end":{"line":9,"column":37}},"skip":true},"2":{"name":"setup","line":17,"loc":{"start":{"line":17,"column":0},"end":{"line":17,"column":29}}},"3":{"name":"(anonymous_3)","line":22,"loc":{"start":{"line":22,"column":5},"end":{"line":22,"column":50}}},"4":{"name":"(anonymous_4)","line":25,"loc":{"start":{"line":25,"column":12},"end":{"line":25,"column":28}}},"5":{"name":"(anonymous_5)","line":37,"loc":{"start":{"line":37,"column":28},"end":{"line":37,"column":44}}},"6":{"name":"(anonymous_6)","line":39,"loc":{"start":{"line":39,"column":18},"end":{"line":39,"column":33}}},"7":{"name":"(anonymous_7)","line":42,"loc":{"start":{"line":42,"column":16},"end":{"line":42,"column":31}}}},"statementMap":{"1":{"start":{"line":3,"column":0},"end":{"line":5,"column":3}},"2":{"start":{"line":6,"column":0},"end":{"line":6,"column":22}},"3":{"start":{"line":9,"column":0},"end":{"line":9,"column":97},"skip":true},"4":{"start":{"line":9,"column":39},"end":{"line":9,"column":95},"skip":true},"5":{"start":{"line":11,"column":0},"end":{"line":11,"column":36}},"6":{"start":{"line":13,"column":0},"end":{"line":13,"column":51}},"7":{"start":{"line":15,"column":0},"end":{"line":15,"column":51}},"8":{"start":{"line":17,"column":0},"end":{"line":46,"column":1}},"9":{"start":{"line":18,"column":2},"end":{"line":45,"column":6}},"10":{"start":{"line":23,"column":4},"end":{"line":44,"column":7}},"11":{"start":{"line":26,"column":6},"end":{"line":28,"column":7}},"12":{"start":{"line":27,"column":8},"end":{"line":27,"column":32}},"13":{"start":{"line":30,"column":6},"end":{"line":36,"column":9}},"14":{"start":{"line":37,"column":6},"end":{"line":41,"column":9}},"15":{"start":{"line":38,"column":8},"end":{"line":38,"column":32}},"16":{"start":{"line":40,"column":8},"end":{"line":40,"column":25}},"17":{"start":{"line":43,"column":6},"end":{"line":43,"column":23}}},"branchMap":{"1":{"line":9,"type":"cond-expr","locations":[{"start":{"line":9,"column":70},"end":{"line":9,"column":73},"skip":true},{"start":{"line":9,"column":76},"end":{"line":9,"column":94},"skip":true}]},"2":{"line":9,"type":"binary-expr","locations":[{"start":{"line":9,"column":46},"end":{"line":9,"column":49},"skip":true},{"start":{"line":9,"column":53},"end":{"line":9,"column":67},"skip":true}]},"3":{"line":26,"type":"if","locations":[{"start":{"line":26,"column":6},"end":{"line":26,"column":6}},{"start":{"line":26,"column":6},"end":{"line":26,"column":6}}]}}},"/Users/Ankita/code/shop/server/auth/local/index.js":{"path":"/Users/Ankita/code/shop/server/auth/local/index.js","s":{"1":1,"2":1,"3":2,"4":1,"5":1,"6":1,"7":1,"8":1,"9":1,"10":1,"11":0,"12":0,"13":0,"14":0,"15":0,"16":0,"17":0,"18":0,"19":1,"20":1},"b":{"1":[0,2],"2":[2,2],"3":[0,0],"4":[0,0],"5":[0,0]},"f":{"1":2,"2":0,"3":0},"fnMap":{"1":{"name":"_interopRequireDefault","line":8,"loc":{"start":{"line":8,"column":0},"end":{"line":8,"column":37}},"skip":true},"2":{"name":"(anonymous_2)","line":22,"loc":{"start":{"line":22,"column":17},"end":{"line":22,"column":43}}},"3":{"name":"(anonymous_3)","line":23,"loc":{"start":{"line":23,"column":46},"end":{"line":23,"column":73}}}},"statementMap":{"1":{"start":{"line":3,"column":0},"end":{"line":5,"column":3}},"2":{"start":{"line":8,"column":0},"end":{"line":8,"column":97},"skip":true},"3":{"start":{"line":8,"column":39},"end":{"line":8,"column":95},"skip":true},"4":{"start":{"line":10,"column":0},"end":{"line":10,"column":34}},"5":{"start":{"line":12,"column":0},"end":{"line":12,"column":49}},"6":{"start":{"line":14,"column":0},"end":{"line":14,"column":36}},"7":{"start":{"line":16,"column":0},"end":{"line":16,"column":51}},"8":{"start":{"line":18,"column":0},"end":{"line":18,"column":46}},"9":{"start":{"line":20,"column":0},"end":{"line":20,"column":43}},"10":{"start":{"line":22,"column":0},"end":{"line":35,"column":3}},"11":{"start":{"line":23,"column":2},"end":{"line":34,"column":21}},"12":{"start":{"line":24,"column":4},"end":{"line":24,"column":28}},"13":{"start":{"line":25,"column":4},"end":{"line":27,"column":5}},"14":{"start":{"line":26,"column":6},"end":{"line":26,"column":41}},"15":{"start":{"line":28,"column":4},"end":{"line":30,"column":5}},"16":{"start":{"line":29,"column":6},"end":{"line":29,"column":90}},"17":{"start":{"line":32,"column":4},"end":{"line":32,"column":65}},"18":{"start":{"line":33,"column":4},"end":{"line":33,"column":31}},"19":{"start":{"line":37,"column":0},"end":{"line":37,"column":28}},"20":{"start":{"line":38,"column":0},"end":{"line":38,"column":36}}},"branchMap":{"1":{"line":8,"type":"cond-expr","locations":[{"start":{"line":8,"column":70},"end":{"line":8,"column":73},"skip":true},{"start":{"line":8,"column":76},"end":{"line":8,"column":94},"skip":true}]},"2":{"line":8,"type":"binary-expr","locations":[{"start":{"line":8,"column":46},"end":{"line":8,"column":49},"skip":true},{"start":{"line":8,"column":53},"end":{"line":8,"column":67},"skip":true}]},"3":{"line":24,"type":"binary-expr","locations":[{"start":{"line":24,"column":16},"end":{"line":24,"column":19}},{"start":{"line":24,"column":23},"end":{"line":24,"column":27}}]},"4":{"line":25,"type":"if","locations":[{"start":{"line":25,"column":4},"end":{"line":25,"column":4}},{"start":{"line":25,"column":4},"end":{"line":25,"column":4}}]},"5":{"line":28,"type":"if","locations":[{"start":{"line":28,"column":4},"end":{"line":28,"column":4}},{"start":{"line":28,"column":4},"end":{"line":28,"column":4}}]}}},"/Users/Ankita/code/shop/server/auth/facebook/index.js":{"path":"/Users/Ankita/code/shop/server/auth/facebook/index.js","s":{"1":1,"2":1,"3":2,"4":1,"5":1,"6":1,"7":1,"8":1,"9":1,"10":1,"11":1,"12":1},"b":{"1":[0,2],"2":[2,2]},"f":{"1":2},"fnMap":{"1":{"name":"_interopRequireDefault","line":8,"loc":{"start":{"line":8,"column":0},"end":{"line":8,"column":37}},"skip":true}},"statementMap":{"1":{"start":{"line":3,"column":0},"end":{"line":5,"column":3}},"2":{"start":{"line":8,"column":0},"end":{"line":8,"column":97},"skip":true},"3":{"start":{"line":8,"column":39},"end":{"line":8,"column":95},"skip":true},"4":{"start":{"line":10,"column":0},"end":{"line":10,"column":34}},"5":{"start":{"line":12,"column":0},"end":{"line":12,"column":49}},"6":{"start":{"line":14,"column":0},"end":{"line":14,"column":36}},"7":{"start":{"line":16,"column":0},"end":{"line":16,"column":51}},"8":{"start":{"line":18,"column":0},"end":{"line":18,"column":46}},"9":{"start":{"line":20,"column":0},"end":{"line":20,"column":43}},"10":{"start":{"line":22,"column":0},"end":{"line":29,"column":33}},"11":{"start":{"line":31,"column":0},"end":{"line":31,"column":28}},"12":{"start":{"line":32,"column":0},"end":{"line":32,"column":36}}},"branchMap":{"1":{"line":8,"type":"cond-expr","locations":[{"start":{"line":8,"column":70},"end":{"line":8,"column":73},"skip":true},{"start":{"line":8,"column":76},"end":{"line":8,"column":94},"skip":true}]},"2":{"line":8,"type":"binary-expr","locations":[{"start":{"line":8,"column":46},"end":{"line":8,"column":49},"skip":true},{"start":{"line":8,"column":53},"end":{"line":8,"column":67},"skip":true}]}}},"/Users/Ankita/code/shop/server/auth/twitter/index.js":{"path":"/Users/Ankita/code/shop/server/auth/twitter/index.js","s":{"1":1,"2":1,"3":2,"4":1,"5":1,"6":1,"7":1,"8":1,"9":1,"10":1,"11":1,"12":1},"b":{"1":[0,2],"2":[2,2]},"f":{"1":2},"fnMap":{"1":{"name":"_interopRequireDefault","line":8,"loc":{"start":{"line":8,"column":0},"end":{"line":8,"column":37}},"skip":true}},"statementMap":{"1":{"start":{"line":3,"column":0},"end":{"line":5,"column":3}},"2":{"start":{"line":8,"column":0},"end":{"line":8,"column":97},"skip":true},"3":{"start":{"line":8,"column":39},"end":{"line":8,"column":95},"skip":true},"4":{"start":{"line":10,"column":0},"end":{"line":10,"column":34}},"5":{"start":{"line":12,"column":0},"end":{"line":12,"column":49}},"6":{"start":{"line":14,"column":0},"end":{"line":14,"column":36}},"7":{"start":{"line":16,"column":0},"end":{"line":16,"column":51}},"8":{"start":{"line":18,"column":0},"end":{"line":18,"column":46}},"9":{"start":{"line":20,"column":0},"end":{"line":20,"column":43}},"10":{"start":{"line":22,"column":0},"end":{"line":28,"column":33}},"11":{"start":{"line":30,"column":0},"end":{"line":30,"column":28}},"12":{"start":{"line":31,"column":0},"end":{"line":31,"column":36}}},"branchMap":{"1":{"line":8,"type":"cond-expr","locations":[{"start":{"line":8,"column":70},"end":{"line":8,"column":73},"skip":true},{"start":{"line":8,"column":76},"end":{"line":8,"column":94},"skip":true}]},"2":{"line":8,"type":"binary-expr","locations":[{"start":{"line":8,"column":46},"end":{"line":8,"column":49},"skip":true},{"start":{"line":8,"column":53},"end":{"line":8,"column":67},"skip":true}]}}},"/Users/Ankita/code/shop/server/auth/google/index.js":{"path":"/Users/Ankita/code/shop/server/auth/google/index.js","s":{"1":1,"2":1,"3":2,"4":1,"5":1,"6":1,"7":1,"8":1,"9":1,"10":1,"11":1,"12":1},"b":{"1":[0,2],"2":[2,2]},"f":{"1":2},"fnMap":{"1":{"name":"_interopRequireDefault","line":8,"loc":{"start":{"line":8,"column":0},"end":{"line":8,"column":37}},"skip":true}},"statementMap":{"1":{"start":{"line":3,"column":0},"end":{"line":5,"column":3}},"2":{"start":{"line":8,"column":0},"end":{"line":8,"column":97},"skip":true},"3":{"start":{"line":8,"column":39},"end":{"line":8,"column":95},"skip":true},"4":{"start":{"line":10,"column":0},"end":{"line":10,"column":34}},"5":{"start":{"line":12,"column":0},"end":{"line":12,"column":49}},"6":{"start":{"line":14,"column":0},"end":{"line":14,"column":36}},"7":{"start":{"line":16,"column":0},"end":{"line":16,"column":51}},"8":{"start":{"line":18,"column":0},"end":{"line":18,"column":46}},"9":{"start":{"line":20,"column":0},"end":{"line":20,"column":43}},"10":{"start":{"line":22,"column":0},"end":{"line":29,"column":33}},"11":{"start":{"line":31,"column":0},"end":{"line":31,"column":28}},"12":{"start":{"line":32,"column":0},"end":{"line":32,"column":36}}},"branchMap":{"1":{"line":8,"type":"cond-expr","locations":[{"start":{"line":8,"column":70},"end":{"line":8,"column":73},"skip":true},{"start":{"line":8,"column":76},"end":{"line":8,"column":94},"skip":true}]},"2":{"line":8,"type":"binary-expr","locations":[{"start":{"line":8,"column":46},"end":{"line":8,"column":49},"skip":true},{"start":{"line":8,"column":53},"end":{"line":8,"column":67},"skip":true}]}}}}