TN:
SF:/Users/Ankita/code/shop/mocha.conf.js
FNF:0
FNH:0
DA:4,1
DA:6,1
DA:9,1
DA:10,1
DA:11,1
DA:14,1
DA:17,1
DA:18,1
DA:19,1
LF:9
LH:9
BRF:0
BRH:0
end_of_record
TN:
SF:/Users/Ankita/code/shop/server/index.js
FNF:0
FNH:0
DA:4,1
DA:6,1
DA:8,1
DA:12,1
LF:4
LH:4
BRDA:4,1,0,1
BRDA:4,1,1,0
BRDA:6,2,0,1
BRDA:6,2,1,0
BRDA:6,3,0,1
BRDA:6,3,1,1
BRF:6
BRH:4
end_of_record
TN:
SF:/Users/Ankita/code/shop/server/app.js
FN:9,_interopRequireDefault
FN:31,(anonymous_2)
FN:53,startServer
FN:54,(anonymous_4)
FNF:4
FNH:3
FNDA:4,_interopRequireDefault
FNDA:0,(anonymous_2)
FNDA:1,startServer
FNDA:1,(anonymous_4)
DA:9,4
DA:11,1
DA:13,1
DA:15,1
DA:17,1
DA:19,1
DA:21,1
DA:23,1
DA:25,1
DA:29,1
DA:30,1
DA:31,1
DA:32,0
DA:33,0
DA:37,1
DA:38,0
DA:42,1
DA:43,1
DA:44,1
DA:48,1
DA:49,1
DA:50,1
DA:53,1
DA:54,1
DA:55,1
DA:59,1
DA:62,1
LF:27
LH:24
BRDA:9,1,0,0
BRDA:9,1,1,4
BRDA:9,2,0,4
BRDA:9,2,1,4
BRDA:37,3,0,0
BRDA:37,3,1,1
BRF:6
BRH:5
end_of_record
TN:
SF:/Users/Ankita/code/shop/server/config/environment/index.js
FN:6,requiredProcessEnv
FNF:1
FNH:0
FNDA:0,requiredProcessEnv
DA:3,1
DA:4,1
DA:6,1
DA:7,0
DA:8,0
DA:10,0
DA:15,1
DA:65,1
LF:8
LH:5
BRDA:7,1,0,0
BRDA:7,1,1,0
BRDA:22,2,0,1
BRDA:22,2,1,1
BRDA:25,3,0,1
BRDA:25,3,1,1
BRDA:45,4,0,1
BRDA:45,4,1,0
BRDA:46,5,0,1
BRDA:46,5,1,0
BRDA:47,6,0,1
BRDA:47,6,1,0
BRDA:51,7,0,1
BRDA:51,7,1,0
BRDA:52,8,0,1
BRDA:52,8,1,0
BRDA:53,9,0,1
BRDA:53,9,1,0
BRDA:57,10,0,1
BRDA:57,10,1,0
BRDA:58,11,0,1
BRDA:58,11,1,0
BRDA:59,12,0,1
BRDA:59,12,1,0
BRDA:65,13,0,1
BRDA:65,13,1,0
BRF:26
BRH:14
end_of_record
TN:
SF:/Users/Ankita/code/shop/server/config/environment/shared.js
FNF:0
FNH:0
DA:3,1
LF:1
LH:1
BRF:0
BRH:0
end_of_record
TN:
SF:/Users/Ankita/code/shop/server/config/environment/test.js
FNF:0
FNH:0
DA:5,1
LF:1
LH:1
BRF:0
BRH:0
end_of_record
TN:
SF:/Users/Ankita/code/shop/server/config/socketio.js
FN:11,_interopRequireDefault
FN:18,onDisconnect
FN:21,onConnect
FN:23,(anonymous_4)
FN:31,(anonymous_5)
FN:47,(anonymous_6)
FN:52,(anonymous_7)
FN:61,(anonymous_8)
FNF:8
FNH:2
FNDA:1,_interopRequireDefault
FNDA:0,onDisconnect
FNDA:0,onConnect
FNDA:0,(anonymous_4)
FNDA:1,(anonymous_5)
FNDA:0,(anonymous_6)
FNDA:0,(anonymous_7)
FNDA:0,(anonymous_8)
DA:6,1
DA:11,1
DA:13,1
DA:15,1
DA:18,1
DA:21,1
DA:23,0
DA:24,0
DA:28,0
DA:31,1
DA:47,1
DA:48,0
DA:50,0
DA:52,0
DA:53,0
DA:54,0
DA:57,0
DA:61,0
DA:62,0
DA:63,0
DA:67,0
DA:68,0
DA:72,1
LF:23
LH:9
BRDA:11,1,0,0
BRDA:11,1,1,1
BRDA:11,2,0,1
BRDA:11,2,1,1
BRF:4
BRH:4
end_of_record
TN:
SF:/Users/Ankita/code/shop/server/config/express.js
FN:12,_interopRequireDefault
FN:76,(anonymous_2)
FNF:2
FNH:2
FNDA:15,_interopRequireDefault
FNDA:1,(anonymous_2)
DA:7,1
DA:12,15
DA:14,1
DA:16,1
DA:18,1
DA:20,1
DA:22,1
DA:24,1
DA:26,1
DA:28,1
DA:30,1
DA:32,1
DA:34,1
DA:36,1
DA:38,1
DA:40,1
DA:42,1
DA:44,1
DA:46,1
DA:48,1
DA:50,1
DA:52,1
DA:54,1
DA:56,1
DA:58,1
DA:60,1
DA:62,1
DA:64,1
DA:66,1
DA:68,1
DA:70,1
DA:72,1
DA:74,1
DA:76,1
DA:77,1
DA:79,1
DA:80,1
DA:81,1
DA:82,1
DA:83,1
DA:84,1
DA:85,1
DA:86,1
DA:87,1
DA:92,1
DA:106,1
DA:107,0
DA:121,1
DA:123,1
DA:124,0
DA:125,0
DA:126,0
DA:129,1
DA:130,0
DA:133,1
DA:134,1
DA:135,1
DA:136,1
DA:137,1
DA:141,1
LF:60
LH:55
BRDA:12,1,0,0
BRDA:12,1,1,15
BRDA:12,2,0,15
BRDA:12,2,1,15
BRDA:106,3,0,0
BRDA:106,3,1,1
BRDA:123,4,0,0
BRDA:123,4,1,1
BRDA:129,5,0,0
BRDA:129,5,1,1
BRDA:133,6,0,1
BRDA:133,6,1,0
BRDA:133,7,0,1
BRDA:133,7,1,1
BRF:14
BRH:10
end_of_record
TN:
SF:/Users/Ankita/code/shop/server/routes.js
FN:12,_interopRequireDefault
FN:22,(anonymous_2)
FN:33,(anonymous_3)
FNF:3
FNH:2
FNDA:2,_interopRequireDefault
FNDA:1,(anonymous_2)
FNDA:0,(anonymous_3)
DA:7,1
DA:12,2
DA:14,1
DA:16,1
DA:18,1
DA:20,1
DA:22,1
DA:24,1
DA:25,1
DA:27,1
DA:30,1
DA:33,1
DA:34,0
DA:38,1
LF:14
LH:13
BRDA:12,1,0,0
BRDA:12,1,1,2
BRDA:12,2,0,2
BRDA:12,2,1,2
BRF:4
BRH:4
end_of_record
TN:
SF:/Users/Ankita/code/shop/server/components/errors/index.js
FN:7,pageNotFound
FN:15,(anonymous_2)
FNF:2
FNH:0
FNDA:0,pageNotFound
FNDA:0,(anonymous_2)
DA:7,1
DA:8,0
DA:9,0
DA:10,0
DA:14,0
DA:15,0
DA:16,0
DA:17,0
DA:20,0
LF:9
LH:1
BRDA:16,1,0,0
BRDA:16,1,1,0
BRF:2
BRH:0
end_of_record
TN:
SF:/Users/Ankita/code/shop/server/api/thing/index.js
FNF:0
FNH:0
DA:3,1
DA:4,1
DA:6,1
DA:8,1
DA:9,1
DA:10,1
DA:11,1
DA:12,1
DA:13,1
DA:15,1
LF:10
LH:10
BRF:0
BRH:0
end_of_record
TN:
SF:/Users/Ankita/code/shop/server/api/thing/thing.controller.js
FN:22,_interopRequireDefault
FN:32,respondWithResult
FN:34,(anonymous_3)
FN:41,saveUpdates
FN:42,(anonymous_5)
FN:44,(anonymous_6)
FN:50,removeEntity
FN:51,(anonymous_8)
FN:53,(anonymous_9)
FN:60,handleEntityNotFound
FN:61,(anonymous_11)
FN:70,handleError
FN:72,(anonymous_13)
FN:79,index
FN:85,show
FN:91,create
FN:97,update
FN:106,destroy
FNF:18
FNH:17
FNDA:2,_interopRequireDefault
FNDA:4,respondWithResult
FNDA:4,(anonymous_3)
FNDA:1,saveUpdates
FNDA:1,(anonymous_5)
FNDA:1,(anonymous_6)
FNDA:2,removeEntity
FNDA:2,(anonymous_8)
FNDA:1,(anonymous_9)
FNDA:4,handleEntityNotFound
FNDA:4,(anonymous_11)
FNDA:6,handleError
FNDA:0,(anonymous_13)
FNDA:1,index
FNDA:1,show
FNDA:1,create
FNDA:1,update
FNDA:2,destroy
DA:12,1
DA:15,1
DA:16,1
DA:17,1
DA:18,1
DA:19,1
DA:22,2
DA:24,1
DA:26,1
DA:28,1
DA:30,1
DA:32,1
DA:33,4
DA:34,4
DA:35,4
DA:36,4
DA:41,1
DA:42,1
DA:43,1
DA:44,1
DA:45,1
DA:50,1
DA:51,2
DA:52,2
DA:53,1
DA:54,1
DA:60,1
DA:61,4
DA:62,4
DA:63,1
DA:64,1
DA:66,3
DA:70,1
DA:71,6
DA:72,6
DA:73,0
DA:79,1
DA:80,1
DA:85,1
DA:86,1
DA:91,1
DA:92,1
DA:97,1
DA:98,1
DA:99,0
DA:101,1
DA:106,1
DA:107,2
LF:48
LH:46
BRDA:22,1,0,0
BRDA:22,1,1,2
BRDA:22,2,0,2
BRDA:22,2,1,2
BRDA:33,3,0,4
BRDA:33,3,1,3
BRDA:35,4,0,4
BRDA:35,4,1,0
BRDA:52,5,0,1
BRDA:52,5,1,1
BRDA:62,6,0,1
BRDA:62,6,1,3
BRDA:71,7,0,6
BRDA:71,7,1,6
BRDA:98,8,0,0
BRDA:98,8,1,1
BRF:16
BRH:14
end_of_record
TN:
SF:/Users/Ankita/code/shop/server/api/thing/thing.model.js
FNF:0
FNH:0
DA:3,1
DA:6,1
DA:8,1
DA:14,1
DA:15,1
LF:5
LH:5
BRF:0
BRH:0
end_of_record
TN:
SF:/Users/Ankita/code/shop/server/api/user/index.js
FN:8,_interopRequireWildcard
FNF:1
FNH:1
FNDA:2,_interopRequireWildcard
DA:3,1
DA:8,2
DA:10,1
DA:12,1
DA:14,1
DA:16,1
DA:18,1
DA:20,1
DA:22,1
DA:23,1
DA:24,1
DA:25,1
DA:26,1
DA:27,1
DA:29,1
DA:30,1
LF:16
LH:16
BRDA:8,1,0,2
BRDA:8,1,1,0
BRDA:8,2,0,2
BRDA:8,2,1,2
BRDA:8,3,0,0
BRDA:8,3,1,0
BRDA:8,4,0,0
BRDA:8,4,1,0
BRF:8
BRH:8
end_of_record
TN:
SF:/Users/Ankita/code/shop/server/api/user/user.controller.js
FN:15,_interopRequireDefault
FN:33,validationError
FN:35,(anonymous_3)
FN:40,handleError
FN:42,(anonymous_5)
FN:52,index
FN:53,(anonymous_7)
FN:62,create
FN:66,(anonymous_9)
FN:78,show
FN:81,(anonymous_11)
FN:86,(anonymous_12)
FN:96,destroy
FN:97,(anonymous_14)
FN:106,changePassword
FN:111,(anonymous_16)
FN:114,(anonymous_17)
FN:127,me
FN:130,(anonymous_19)
FN:136,(anonymous_20)
FN:145,authCallback
FNF:21
FNH:3
FNDA:4,_interopRequireDefault
FNDA:0,validationError
FNDA:0,(anonymous_3)
FNDA:0,handleError
FNDA:0,(anonymous_5)
FNDA:0,index
FNDA:0,(anonymous_7)
FNDA:0,create
FNDA:0,(anonymous_9)
FNDA:0,show
FNDA:0,(anonymous_11)
FNDA:0,(anonymous_12)
FNDA:0,destroy
FNDA:0,(anonymous_14)
FNDA:0,changePassword
FNDA:0,(anonymous_16)
FNDA:0,(anonymous_17)
FNDA:1,me
FNDA:1,(anonymous_19)
FNDA:0,(anonymous_20)
FNDA:0,authCallback
DA:3,1
DA:6,1
DA:7,1
DA:8,1
DA:9,1
DA:10,1
DA:11,1
DA:12,1
DA:15,4
DA:17,1
DA:19,1
DA:21,1
DA:23,1
DA:25,1
DA:27,1
DA:29,1
DA:31,1
DA:33,1
DA:34,0
DA:35,0
DA:36,0
DA:40,1
DA:41,0
DA:42,0
DA:43,0
DA:52,1
DA:53,0
DA:54,0
DA:62,1
DA:63,0
DA:64,0
DA:65,0
DA:66,0
DA:67,0
DA:70,0
DA:78,1
DA:79,0
DA:81,0
DA:82,0
DA:83,0
DA:85,0
DA:87,0
DA:96,1
DA:97,0
DA:98,0
DA:106,1
DA:107,0
DA:108,0
DA:109,0
DA:111,0
DA:112,0
DA:113,0
DA:114,0
DA:115,0
DA:118,0
DA:127,1
DA:128,1
DA:130,1
DA:132,1
DA:133,0
DA:135,1
DA:137,0
DA:145,1
DA:146,0
LF:64
LH:30
BRDA:15,1,0,0
BRDA:15,1,1,4
BRDA:15,2,0,4
BRDA:15,2,1,4
BRDA:34,3,0,0
BRDA:34,3,1,0
BRDA:41,4,0,0
BRDA:41,4,1,0
BRDA:82,5,0,0
BRDA:82,5,1,0
BRDA:112,6,0,0
BRDA:112,6,1,0
BRDA:132,7,0,0
BRDA:132,7,1,1
BRF:14
BRH:5
end_of_record
TN:
SF:/Users/Ankita/code/shop/server/api/user/user.model.js
FN:8,_interopRequireDefault
FN:44,(anonymous_2)
FN:52,(anonymous_3)
FN:64,(anonymous_4)
FN:72,(anonymous_5)
FN:80,(anonymous_6)
FN:82,(anonymous_7)
FN:90,(anonymous_8)
FN:95,validatePresenceOf
FN:102,(anonymous_10)
FN:117,(anonymous_11)
FN:122,(anonymous_12)
FN:144,authenticate
FN:153,(anonymous_14)
FN:174,makeSalt
FN:192,(anonymous_16)
FN:209,encryptPassword
FN:222,(anonymous_18)
FNF:18
FNH:15
FNDA:1,_interopRequireDefault
FNDA:0,(anonymous_2)
FNDA:0,(anonymous_3)
FNDA:1,(anonymous_4)
FNDA:1,(anonymous_5)
FNDA:1,(anonymous_6)
FNDA:1,(anonymous_7)
FNDA:0,(anonymous_8)
FNDA:1,validatePresenceOf
FNDA:1,(anonymous_10)
FNDA:1,(anonymous_11)
FNDA:1,(anonymous_12)
FNDA:1,authenticate
FNDA:1,(anonymous_14)
FNDA:1,makeSalt
FNDA:1,(anonymous_16)
FNDA:2,encryptPassword
FNDA:2,(anonymous_18)
DA:3,1
DA:8,1
DA:10,1
DA:12,1
DA:14,1
DA:16,1
DA:18,1
DA:20,1
DA:44,1
DA:45,0
DA:52,1
DA:53,0
DA:64,1
DA:65,1
DA:66,0
DA:68,1
DA:72,1
DA:73,1
DA:74,0
DA:76,1
DA:80,1
DA:81,1
DA:82,1
DA:83,1
DA:84,0
DA:85,0
DA:87,0
DA:89,1
DA:91,0
DA:95,1
DA:96,1
DA:102,1
DA:105,1
DA:108,1
DA:109,0
DA:112,1
DA:113,0
DA:117,1
DA:118,1
DA:119,0
DA:121,1
DA:122,1
DA:123,1
DA:124,0
DA:126,1
DA:127,1
DA:135,1
DA:147,1
DA:149,1
DA:150,0
DA:153,1
DA:154,1
DA:155,0
DA:158,1
DA:159,1
DA:161,0
DA:175,1
DA:177,1
DA:178,1
DA:179,1
DA:180,0
DA:181,0
DA:184,1
DA:185,0
DA:188,1
DA:189,0
DA:192,1
DA:193,1
DA:194,0
DA:196,1
DA:210,2
DA:211,0
DA:214,2
DA:215,2
DA:216,2
DA:218,2
DA:219,0
DA:222,2
DA:223,2
DA:224,0
DA:226,2
DA:232,1
DA:233,1
LF:83
LH:60
BRDA:8,1,0,0
BRDA:8,1,1,1
BRDA:8,2,0,1
BRDA:8,2,1,1
BRDA:65,3,0,0
BRDA:65,3,1,1
BRDA:73,4,0,0
BRDA:73,4,1,1
BRDA:83,5,0,0
BRDA:83,5,1,1
BRDA:84,6,0,0
BRDA:84,6,1,0
BRDA:96,7,0,1
BRDA:96,7,1,1
BRDA:108,8,0,0
BRDA:108,8,1,1
BRDA:112,9,0,0
BRDA:112,9,1,1
BRDA:112,10,0,1
BRDA:112,10,1,0
BRDA:118,11,0,0
BRDA:118,11,1,1
BRDA:123,12,0,0
BRDA:123,12,1,1
BRDA:149,13,0,0
BRDA:149,13,1,1
BRDA:154,14,0,0
BRDA:154,14,1,1
BRDA:158,15,0,1
BRDA:158,15,1,0
BRDA:177,16,0,1
BRDA:177,16,1,0
BRDA:180,17,0,0
BRDA:180,17,1,0
BRDA:184,18,0,0
BRDA:184,18,1,1
BRDA:188,19,0,0
BRDA:188,19,1,1
BRDA:193,20,0,0
BRDA:193,20,1,1
BRDA:210,21,0,0
BRDA:210,21,1,2
BRDA:210,22,0,2
BRDA:210,22,1,2
BRDA:218,23,0,0
BRDA:218,23,1,2
BRDA:223,24,0,0
BRDA:223,24,1,2
BRF:48
BRH:26
end_of_record
TN:
SF:/Users/Ankita/code/shop/server/auth/auth.service.js
FN:12,_interopRequireDefault
FN:47,isAuthenticated
FN:50,(anonymous_3)
FN:58,(anonymous_4)
FN:59,(anonymous_5)
FN:65,(anonymous_6)
FN:75,hasRole
FN:80,meetsRequirements
FN:93,signToken
FN:103,setTokenCookie
FNF:10
FNH:7
FNDA:6,_interopRequireDefault
FNDA:5,isAuthenticated
FNDA:2,(anonymous_3)
FNDA:1,(anonymous_4)
FNDA:1,(anonymous_5)
FNDA:0,(anonymous_6)
FNDA:2,hasRole
FNDA:0,meetsRequirements
FNDA:1,signToken
FNDA:0,setTokenCookie
DA:3,1
DA:6,1
DA:7,1
DA:8,1
DA:9,1
DA:12,6
DA:14,1
DA:16,1
DA:18,1
DA:20,1
DA:22,1
DA:24,1
DA:26,1
DA:28,1
DA:30,1
DA:32,1
DA:34,1
DA:36,1
DA:38,1
DA:47,1
DA:48,5
DA:52,2
DA:53,0
DA:55,2
DA:59,1
DA:60,1
DA:61,0
DA:63,1
DA:64,1
DA:66,0
DA:75,1
DA:76,2
DA:77,0
DA:80,2
DA:81,0
DA:82,0
DA:84,0
DA:93,1
DA:94,1
DA:103,1
DA:104,0
DA:105,0
DA:107,0
DA:108,0
DA:109,0
LF:45
LH:33
BRDA:12,1,0,0
BRDA:12,1,1,6
BRDA:12,2,0,6
BRDA:12,2,1,6
BRDA:52,3,0,0
BRDA:52,3,1,2
BRDA:52,4,0,2
BRDA:52,4,1,2
BRDA:60,5,0,0
BRDA:60,5,1,1
BRDA:76,6,0,0
BRDA:76,6,1,2
BRDA:81,7,0,0
BRDA:81,7,1,0
BRDA:104,8,0,0
BRDA:104,8,1,0
BRF:16
BRH:9
end_of_record
TN:
SF:/Users/Ankita/code/shop/server/auth/index.js
FN:8,_interopRequireDefault
FNF:1
FNH:1
FNDA:4,_interopRequireDefault
DA:3,1
DA:8,4
DA:10,1
DA:12,1
DA:14,1
DA:16,1
DA:18,1
DA:20,1
DA:22,1
DA:24,1
DA:27,1
DA:28,1
DA:29,1
DA:30,1
DA:32,1
DA:34,1
DA:35,1
DA:36,1
DA:37,1
DA:39,1
DA:40,1
LF:21
LH:21
BRDA:8,1,0,0
BRDA:8,1,1,4
BRDA:8,2,0,4
BRDA:8,2,1,4
BRF:4
BRH:4
end_of_record
TN:
SF:/Users/Ankita/code/shop/server/auth/local/passport.js
FN:9,_interopRequireDefault
FN:17,localAuthenticate
FN:20,(anonymous_3)
FN:26,(anonymous_4)
FN:36,(anonymous_5)
FN:41,setup
FN:45,(anonymous_7)
FNF:7
FNH:6
FNDA:1,_interopRequireDefault
FNDA:1,localAuthenticate
FNDA:1,(anonymous_3)
FNDA:1,(anonymous_4)
FNDA:0,(anonymous_5)
FNDA:1,setup
FNDA:1,(anonymous_7)
DA:3,1
DA:6,1
DA:9,1
DA:11,1
DA:13,1
DA:15,1
DA:17,1
DA:18,1
DA:21,1
DA:22,0
DA:26,1
DA:27,1
DA:28,0
DA:30,1
DA:31,0
DA:33,1
DA:37,0
DA:41,1
DA:42,1
DA:46,1
LF:20
LH:16
BRDA:9,1,0,0
BRDA:9,1,1,1
BRDA:9,2,0,1
BRDA:9,2,1,1
BRDA:21,3,0,0
BRDA:21,3,1,1
BRDA:27,4,0,0
BRDA:27,4,1,1
BRDA:30,5,0,0
BRDA:30,5,1,1
BRF:10
BRH:7
end_of_record
TN:
SF:/Users/Ankita/code/shop/server/auth/facebook/passport.js
FN:9,_interopRequireDefault
FN:17,setup
FN:23,(anonymous_3)
FN:26,(anonymous_4)
FN:38,(anonymous_5)
FN:40,(anonymous_6)
FN:43,(anonymous_7)
FNF:7
FNH:2
FNDA:1,_interopRequireDefault
FNDA:1,setup
FNDA:0,(anonymous_3)
FNDA:0,(anonymous_4)
FNDA:0,(anonymous_5)
FNDA:0,(anonymous_6)
FNDA:0,(anonymous_7)
DA:3,1
DA:6,1
DA:9,1
DA:11,1
DA:13,1
DA:15,1
DA:17,1
DA:18,1
DA:24,0
DA:27,0
DA:28,0
DA:31,0
DA:38,0
DA:39,0
DA:41,0
DA:44,0
LF:16
LH:8
BRDA:9,1,0,0
BRDA:9,1,1,1
BRDA:9,2,0,1
BRDA:9,2,1,1
BRDA:27,3,0,0
BRDA:27,3,1,0
BRF:6
BRH:4
end_of_record
TN:
SF:/Users/Ankita/code/shop/server/auth/google/passport.js
FN:9,_interopRequireDefault
FN:17,setup
FN:22,(anonymous_3)
FN:25,(anonymous_4)
FN:38,(anonymous_5)
FN:40,(anonymous_6)
FN:43,(anonymous_7)
FNF:7
FNH:2
FNDA:1,_interopRequireDefault
FNDA:1,setup
FNDA:0,(anonymous_3)
FNDA:0,(anonymous_4)
FNDA:0,(anonymous_5)
FNDA:0,(anonymous_6)
FNDA:0,(anonymous_7)
DA:3,1
DA:6,1
DA:9,1
DA:11,1
DA:13,1
DA:15,1
DA:17,1
DA:18,1
DA:23,0
DA:26,0
DA:27,0
DA:30,0
DA:38,0
DA:39,0
DA:41,0
DA:44,0
LF:16
LH:8
BRDA:9,1,0,0
BRDA:9,1,1,1
BRDA:9,2,0,1
BRDA:9,2,1,1
BRDA:26,3,0,0
BRDA:26,3,1,0
BRF:6
BRH:4
end_of_record
TN:
SF:/Users/Ankita/code/shop/server/auth/twitter/passport.js
FN:9,_interopRequireDefault
FN:17,setup
FN:22,(anonymous_3)
FN:25,(anonymous_4)
FN:37,(anonymous_5)
FN:39,(anonymous_6)
FN:42,(anonymous_7)
FNF:7
FNH:2
FNDA:1,_interopRequireDefault
FNDA:1,setup
FNDA:0,(anonymous_3)
FNDA:0,(anonymous_4)
FNDA:0,(anonymous_5)
FNDA:0,(anonymous_6)
FNDA:0,(anonymous_7)
DA:3,1
DA:6,1
DA:9,1
DA:11,1
DA:13,1
DA:15,1
DA:17,1
DA:18,1
DA:23,0
DA:26,0
DA:27,0
DA:30,0
DA:37,0
DA:38,0
DA:40,0
DA:43,0
LF:16
LH:8
BRDA:9,1,0,0
BRDA:9,1,1,1
BRDA:9,2,0,1
BRDA:9,2,1,1
BRDA:26,3,0,0
BRDA:26,3,1,0
BRF:6
BRH:4
end_of_record
TN:
SF:/Users/Ankita/code/shop/server/auth/local/index.js
FN:8,_interopRequireDefault
FN:22,(anonymous_2)
FN:23,(anonymous_3)
FNF:3
FNH:3
FNDA:2,_interopRequireDefault
FNDA:1,(anonymous_2)
FNDA:1,(anonymous_3)
DA:3,1
DA:8,2
DA:10,1
DA:12,1
DA:14,1
DA:16,1
DA:18,1
DA:20,1
DA:22,1
DA:23,1
DA:24,1
DA:25,1
DA:26,0
DA:28,1
DA:29,0
DA:32,1
DA:33,1
DA:37,1
DA:38,1
LF:19
LH:17
BRDA:8,1,0,0
BRDA:8,1,1,2
BRDA:8,2,0,2
BRDA:8,2,1,2
BRDA:24,3,0,1
BRDA:24,3,1,1
BRDA:25,4,0,0
BRDA:25,4,1,1
BRDA:28,5,0,0
BRDA:28,5,1,1
BRF:10
BRH:8
end_of_record
TN:
SF:/Users/Ankita/code/shop/server/auth/facebook/index.js
FN:8,_interopRequireDefault
FNF:1
FNH:1
FNDA:2,_interopRequireDefault
DA:3,1
DA:8,2
DA:10,1
DA:12,1
DA:14,1
DA:16,1
DA:18,1
DA:20,1
DA:22,1
DA:31,1
DA:32,1
LF:11
LH:11
BRDA:8,1,0,0
BRDA:8,1,1,2
BRDA:8,2,0,2
BRDA:8,2,1,2
BRF:4
BRH:4
end_of_record
TN:
SF:/Users/Ankita/code/shop/server/auth/twitter/index.js
FN:8,_interopRequireDefault
FNF:1
FNH:1
FNDA:2,_interopRequireDefault
DA:3,1
DA:8,2
DA:10,1
DA:12,1
DA:14,1
DA:16,1
DA:18,1
DA:20,1
DA:22,1
DA:30,1
DA:31,1
LF:11
LH:11
BRDA:8,1,0,0
BRDA:8,1,1,2
BRDA:8,2,0,2
BRDA:8,2,1,2
BRF:4
BRH:4
end_of_record
TN:
SF:/Users/Ankita/code/shop/server/auth/google/index.js
FN:8,_interopRequireDefault
FNF:1
FNH:1
FNDA:2,_interopRequireDefault
DA:3,1
DA:8,2
DA:10,1
DA:12,1
DA:14,1
DA:16,1
DA:18,1
DA:20,1
DA:22,1
DA:31,1
DA:32,1
LF:11
LH:11
BRDA:8,1,0,0
BRDA:8,1,1,2
BRDA:8,2,0,2
BRDA:8,2,1,2
BRF:4
BRH:4
end_of_record
